#
# There is insufficient memory for the Java Runtime Environment to continue.
# Native memory allocation (malloc) failed to allocate 32744 bytes for ChunkPool::allocate
# Possible reasons:
#   The system is out of physical RAM or swap space
#   In 32 bit mode, the process size limit was hit
# Possible solutions:
#   Reduce memory load on the system
#   Increase physical memory or swap space
#   Check if swap backing store is full
#   Use 64 bit Java on a 64 bit OS
#   Decrease Java heap size (-Xmx/-Xms)
#   Decrease number of Java threads
#   Decrease Java thread stack sizes (-Xss)
#   Set larger code cache with -XX:ReservedCodeCacheSize=
# This output file may be truncated or incomplete.
#
#  Out of Memory Error (allocation.cpp:273), pid=8580, tid=0x0000000000003ee4
#
# JRE version: Java(TM) SE Runtime Environment (8.0_151-b12) (build 1.8.0_151-b12)
# Java VM: Java HotSpot(TM) 64-Bit Server VM (25.151-b12 mixed mode windows-amd64 compressed oops)
# Failed to write core dump. Minidumps are not enabled by default on client versions of Windows
#

---------------  T H R E A D  ---------------

Current thread (0x000000000608f800):  VMThread [stack: 0x0000000007050000,0x0000000007150000] [id=16100]

Stack: [0x0000000007050000,0x0000000007150000]
[error occurred during error reporting (printing stack bounds), id 0xc0000005]

Native frames: (J=compiled Java code, j=interpreted, Vv=VM code, C=native code)

VM_Operation (0x00000000024bd550): CollectForMetadataAllocation, mode: safepoint, requested by thread 0x000000000024f800


---------------  P R O C E S S  ---------------

Java Threads: ( => current thread )
  0x00000000074bb800 JavaThread "Service Thread" daemon [_thread_blocked, id=16292, stack(0x0000000008000000,0x0000000008100000)]
  0x00000000060fe800 JavaThread "C1 CompilerThread2" daemon [_thread_blocked, id=11916, stack(0x0000000007eb0000,0x0000000007fb0000)]
  0x00000000060fd800 JavaThread "C2 CompilerThread1" daemon [_thread_in_native, id=2808, stack(0x0000000007ce0000,0x0000000007de0000)]
  0x00000000060f8000 JavaThread "C2 CompilerThread0" daemon [_thread_blocked, id=8556, stack(0x0000000007890000,0x0000000007990000)]
  0x000000000743a800 JavaThread "Attach Listener" daemon [_thread_blocked, id=16848, stack(0x0000000007ae0000,0x0000000007be0000)]
  0x00000000060f6800 JavaThread "Signal Dispatcher" daemon [_thread_blocked, id=2200, stack(0x0000000007990000,0x0000000007a90000)]
  0x00000000060de000 JavaThread "Finalizer" daemon [_thread_blocked, id=13504, stack(0x0000000007330000,0x0000000007430000)]
  0x0000000006097000 JavaThread "Reference Handler" daemon [_thread_blocked, id=15128, stack(0x00000000071b0000,0x00000000072b0000)]
  0x000000000024f800 JavaThread "main" [_thread_blocked, id=6140, stack(0x00000000023c0000,0x00000000024c0000)]

Other Threads:
=>0x000000000608f800 VMThread [stack: 0x0000000007050000,0x0000000007150000] [id=16100]
  0x00000000074c3000 WatcherThread [stack: 0x00000000081f0000,0x00000000082f0000] [id=14036]

VM state:at safepoint (normal execution)

VM Mutex/Monitor currently owned by a thread:  ([mutex/lock_event])
[0x000000000024d380] Threads_lock - owner thread: 0x000000000608f800
[0x000000000024d880] Heap_lock - owner thread: 0x000000000024f800

Heap:
 PSYoungGen      total 71680K, used 4303K [0x00000000eb300000, 0x00000000f0000000, 0x0000000100000000)
  eden space 65024K, 0% used [0x00000000eb300000,0x00000000eb300000,0x00000000ef280000)
  from space 6656K, 64% used [0x00000000ef280000,0x00000000ef6b3d78,0x00000000ef900000)
  to   space 6144K, 0% used [0x00000000ef900000,0x00000000ef900000,0x00000000eff00000)
 ParOldGen       total 44032K, used 12608K [0x00000000c1800000, 0x00000000c4300000, 0x00000000eb300000)
  object space 44032K, 28% used [0x00000000c1800000,0x00000000c24502b8,0x00000000c4300000)
 Metaspace       used 17765K, capacity 18106K, committed 18176K, reserved 1069056K
  class space    used 2156K, capacity 2263K, committed 2304K, reserved 1048576K

Card table byte_map: [0x0000000002be0000,0x0000000002de0000] byte_map_base: 0x00000000025d4000

Marking Bits: (ParMarkBitMap*) 0x00000000561ad850
 Begin Bits: [0x00000000035c0000, 0x0000000004560000)
 End Bits:   [0x0000000004560000, 0x0000000005500000)

Polling page: 0x0000000000230000

CodeCache: size=245760Kb used=10671Kb max_used=10671Kb free=235088Kb
 bounds [0x000000000f010000, 0x000000000fa90000, 0x000000001e010000]
 total_blobs=3352 nmethods=2996 adapters=268
 compilation: enabled

Compilation events (10 events):
Event: 14.254 Thread 0x00000000060fe800 3000       3       java.util.EnumSet::<init> (15 bytes)
Event: 14.254 Thread 0x00000000060fe800 nmethod 3000 0x000000000fa82610 code [0x000000000fa82780, 0x000000000fa82a10]
Event: 14.265 Thread 0x00000000060fe800 3001       1       com.sun.tools.javac.util.SharedNameTable$NameImpl::getByteLength (5 bytes)
Event: 14.265 Thread 0x00000000060fe800 nmethod 3001 0x000000000fa82d50 code [0x000000000fa82ea0, 0x000000000fa82fb0]
Event: 14.265 Thread 0x00000000060fe800 3002       3       com.sun.tools.javac.util.Name$Table::hashValue (36 bytes)
Event: 14.265 Thread 0x00000000060fe800 nmethod 3002 0x000000000fa83010 code [0x000000000fa83180, 0x000000000fa83390]
Event: 14.265 Thread 0x00000000060fe800 3003       1       com.sun.tools.javac.util.SharedNameTable$NameImpl::getByteOffset (5 bytes)
Event: 14.266 Thread 0x00000000060fe800 nmethod 3003 0x000000000fa834d0 code [0x000000000fa83620, 0x000000000fa83730]
Event: 14.266 Thread 0x00000000060fe800 3004       1       com.sun.tools.javac.util.SharedNameTable$NameImpl::hashCode (5 bytes)
Event: 14.266 Thread 0x00000000060fe800 nmethod 3004 0x000000000fa83790 code [0x000000000fa838e0, 0x000000000fa839f0]

GC Heap History (10 events):
Event: 8.210 GC heap after
Heap after GC invocations=5 (full 0):
 PSYoungGen      total 18944K, used 2544K [0x00000000eb300000, 0x00000000ee000000, 0x0000000100000000)
  eden space 16384K, 0% used [0x00000000eb300000,0x00000000eb300000,0x00000000ec300000)
  from space 2560K, 99% used [0x00000000ec300000,0x00000000ec57c010,0x00000000ec580000)
  to   space 6656K, 0% used [0x00000000ed980000,0x00000000ed980000,0x00000000ee000000)
 ParOldGen       total 44032K, used 9130K [0x00000000c1800000, 0x00000000c4300000, 0x00000000eb300000)
  object space 44032K, 20% used [0x00000000c1800000,0x00000000c20eaa58,0x00000000c4300000)
 Metaspace       used 14739K, capacity 14914K, committed 15232K, reserved 1062912K
  class space    used 1827K, capacity 1909K, committed 1920K, reserved 1048576K
}
Event: 9.196 GC heap before
{Heap before GC invocations=6 (full 0):
 PSYoungGen      total 18944K, used 18928K [0x00000000eb300000, 0x00000000ee000000, 0x0000000100000000)
  eden space 16384K, 100% used [0x00000000eb300000,0x00000000ec300000,0x00000000ec300000)
  from space 2560K, 99% used [0x00000000ec300000,0x00000000ec57c010,0x00000000ec580000)
  to   space 6656K, 0% used [0x00000000ed980000,0x00000000ed980000,0x00000000ee000000)
 ParOldGen       total 44032K, used 9130K [0x00000000c1800000, 0x00000000c4300000, 0x00000000eb300000)
  object space 44032K, 20% used [0x00000000c1800000,0x00000000c20eaa58,0x00000000c4300000)
 Metaspace       used 14918K, capacity 15136K, committed 15232K, reserved 1062912K
  class space    used 1832K, capacity 1914K, committed 1920K, reserved 1048576K
Event: 9.205 GC heap after
Heap after GC invocations=6 (full 0):
 PSYoungGen      total 39424K, used 3632K [0x00000000eb300000, 0x00000000ee000000, 0x0000000100000000)
  eden space 32768K, 0% used [0x00000000eb300000,0x00000000eb300000,0x00000000ed300000)
  from space 6656K, 54% used [0x00000000ed980000,0x00000000edd0c010,0x00000000ee000000)
  to   space 6656K, 0% used [0x00000000ed300000,0x00000000ed300000,0x00000000ed980000)
 ParOldGen       total 44032K, used 9138K [0x00000000c1800000, 0x00000000c4300000, 0x00000000eb300000)
  object space 44032K, 20% used [0x00000000c1800000,0x00000000c20eca58,0x00000000c4300000)
 Metaspace       used 14918K, capacity 15136K, committed 15232K, reserved 1062912K
  class space    used 1832K, capacity 1914K, committed 1920K, reserved 1048576K
}
Event: 11.371 GC heap before
{Heap before GC invocations=7 (full 0):
 PSYoungGen      total 39424K, used 36400K [0x00000000eb300000, 0x00000000ee000000, 0x0000000100000000)
  eden space 32768K, 100% used [0x00000000eb300000,0x00000000ed300000,0x00000000ed300000)
  from space 6656K, 54% used [0x00000000ed980000,0x00000000edd0c010,0x00000000ee000000)
  to   space 6656K, 0% used [0x00000000ed300000,0x00000000ed300000,0x00000000ed980000)
 ParOldGen       total 44032K, used 9138K [0x00000000c1800000, 0x00000000c4300000, 0x00000000eb300000)
  object space 44032K, 20% used [0x00000000c1800000,0x00000000c20eca58,0x00000000c4300000)
 Metaspace       used 15372K, capacity 15576K, committed 15872K, reserved 1062912K
  class space    used 1848K, capacity 1950K, committed 2048K, reserved 1048576K
Event: 11.393 GC heap after
Heap after GC invocations=7 (full 0):
 PSYoungGen      total 39424K, used 4576K [0x00000000eb300000, 0x00000000eff00000, 0x0000000100000000)
  eden space 32768K, 0% used [0x00000000eb300000,0x00000000eb300000,0x00000000ed300000)
  from space 6656K, 68% used [0x00000000ed300000,0x00000000ed778020,0x00000000ed980000)
  to   space 6144K, 0% used [0x00000000ef900000,0x00000000ef900000,0x00000000eff00000)
 ParOldGen       total 44032K, used 9850K [0x00000000c1800000, 0x00000000c4300000, 0x00000000eb300000)
  object space 44032K, 22% used [0x00000000c1800000,0x00000000c219ea78,0x00000000c4300000)
 Metaspace       used 15372K, capacity 15576K, committed 15872K, reserved 1062912K
  class space    used 1848K, capacity 1950K, committed 2048K, reserved 1048576K
}
Event: 12.588 GC heap before
{Heap before GC invocations=8 (full 0):
 PSYoungGen      total 39424K, used 37344K [0x00000000eb300000, 0x00000000eff00000, 0x0000000100000000)
  eden space 32768K, 100% used [0x00000000eb300000,0x00000000ed300000,0x00000000ed300000)
  from space 6656K, 68% used [0x00000000ed300000,0x00000000ed778020,0x00000000ed980000)
  to   space 6144K, 0% used [0x00000000ef900000,0x00000000ef900000,0x00000000eff00000)
 ParOldGen       total 44032K, used 9850K [0x00000000c1800000, 0x00000000c4300000, 0x00000000eb300000)
  object space 44032K, 22% used [0x00000000c1800000,0x00000000c219ea78,0x00000000c4300000)
 Metaspace       used 16093K, capacity 16438K, committed 16640K, reserved 1064960K
  class space    used 1926K, capacity 2023K, committed 2048K, reserved 1048576K
Event: 12.622 GC heap after
Heap after GC invocations=8 (full 0):
 PSYoungGen      total 71168K, used 5619K [0x00000000eb300000, 0x00000000f0000000, 0x0000000100000000)
  eden space 65024K, 0% used [0x00000000eb300000,0x00000000eb300000,0x00000000ef280000)
  from space 6144K, 91% used [0x00000000ef900000,0x00000000efe7cfe0,0x00000000eff00000)
  to   space 6656K, 0% used [0x00000000ef280000,0x00000000ef280000,0x00000000ef900000)
 ParOldGen       total 44032K, used 10784K [0x00000000c1800000, 0x00000000c4300000, 0x00000000eb300000)
  object space 44032K, 24% used [0x00000000c1800000,0x00000000c22882b8,0x00000000c4300000)
 Metaspace       used 16093K, capacity 16438K, committed 16640K, reserved 1064960K
  class space    used 1926K, capacity 2023K, committed 2048K, reserved 1048576K
}
Event: 14.267 GC heap before
{Heap before GC invocations=9 (full 0):
 PSYoungGen      total 71168K, used 13517K [0x00000000eb300000, 0x00000000f0000000, 0x0000000100000000)
  eden space 65024K, 12% used [0x00000000eb300000,0x00000000ebab66d8,0x00000000ef280000)
  from space 6144K, 91% used [0x00000000ef900000,0x00000000efe7cfe0,0x00000000eff00000)
  to   space 6656K, 0% used [0x00000000ef280000,0x00000000ef280000,0x00000000ef900000)
 ParOldGen       total 44032K, used 10784K [0x00000000c1800000, 0x00000000c4300000, 0x00000000eb300000)
  object space 44032K, 24% used [0x00000000c1800000,0x00000000c22882b8,0x00000000c4300000)
 Metaspace       used 17765K, capacity 18106K, committed 18176K, reserved 1069056K
  class space    used 2156K, capacity 2263K, committed 2304K, reserved 1048576K
Event: 14.308 GC heap after
Heap after GC invocations=9 (full 0):
 PSYoungGen      total 71680K, used 4303K [0x00000000eb300000, 0x00000000f0000000, 0x0000000100000000)
  eden space 65024K, 0% used [0x00000000eb300000,0x00000000eb300000,0x00000000ef280000)
  from space 6656K, 64% used [0x00000000ef280000,0x00000000ef6b3d78,0x00000000ef900000)
  to   space 6144K, 0% used [0x00000000ef900000,0x00000000ef900000,0x00000000eff00000)
 ParOldGen       total 44032K, used 12608K [0x00000000c1800000, 0x00000000c4300000, 0x00000000eb300000)
  object space 44032K, 28% used [0x00000000c1800000,0x00000000c24502b8,0x00000000c4300000)
 Metaspace       used 17765K, capacity 18106K, committed 18176K, reserved 1069056K
  class space    used 2156K, capacity 2263K, committed 2304K, reserved 1048576K
}
Event: 14.308 GC heap before
{Heap before GC invocations=10 (full 1):
 PSYoungGen      total 71680K, used 4303K [0x00000000eb300000, 0x00000000f0000000, 0x0000000100000000)
  eden space 65024K, 0% used [0x00000000eb300000,0x00000000eb300000,0x00000000ef280000)
  from space 6656K, 64% used [0x00000000ef280000,0x00000000ef6b3d78,0x00000000ef900000)
  to   space 6144K, 0% used [0x00000000ef900000,0x00000000ef900000,0x00000000eff00000)
 ParOldGen       total 44032K, used 12608K [0x00000000c1800000, 0x00000000c4300000, 0x00000000eb300000)
  object space 44032K, 28% used [0x00000000c1800000,0x00000000c24502b8,0x00000000c4300000)
 Metaspace       used 17765K, capacity 18106K, committed 18176K, reserved 1069056K
  class space    used 2156K, capacity 2263K, committed 2304K, reserved 1048576K

Deoptimization events (10 events):
Event: 11.688 Thread 0x000000000024f800 Uncommon trap: reason=unstable_if action=reinterpret pc=0x000000000f85b1b0 method=java.util.concurrent.ConcurrentHashMap.replaceNode(Ljava/lang/Object;Ljava/lang/Object;Ljava/lang/Object;)Ljava/lang/Object; @ 203
Event: 11.785 Thread 0x000000000024f800 Uncommon trap: reason=bimorphic action=maybe_recompile pc=0x000000000f581f40 method=java.util.regex.Pattern$CharProperty.match(Ljava/util/regex/Matcher;ILjava/lang/CharSequence;)Z @ 37
Event: 11.809 Thread 0x000000000024f800 Uncommon trap: reason=unstable_if action=reinterpret pc=0x000000000f91aa0c method=java.util.IdentityHashMap.put(Ljava/lang/Object;Ljava/lang/Object;)Ljava/lang/Object; @ 90
Event: 11.810 Thread 0x000000000024f800 Uncommon trap: reason=null_check action=make_not_entrant pc=0x000000000f794c14 method=com.google.inject.internal.InjectorImpl.callInContext(Lcom/google/inject/internal/ContextualCallable;)Ljava/lang/Object; @ 7
Event: 11.891 Thread 0x000000000024f800 Uncommon trap: reason=unstable_if action=reinterpret pc=0x000000000f957f70 method=org.apache.maven.model.ConfigurationContainer.clone()Lorg/apache/maven/model/ConfigurationContainer; @ 37
Event: 12.568 Thread 0x000000000024f800 Uncommon trap: reason=unstable_if action=reinterpret pc=0x000000000f8bb378 method=org.eclipse.aether.util.graph.transformer.ConflictResolver$State.deriveOptional(Lorg/eclipse/aether/graph/DependencyNode;Ljava/lang/Object;)Z @ 34
Event: 12.587 Thread 0x000000000024f800 Uncommon trap: reason=class_check action=maybe_recompile pc=0x000000000f77f588 method=org.eclipse.sisu.wire.EntryListAdapter$ValueIterator.hasNext()Z @ 4
Event: 12.750 Thread 0x000000000024f800 Uncommon trap: reason=bimorphic action=maybe_recompile pc=0x000000000f581f40 method=java.util.regex.Pattern$CharProperty.match(Ljava/util/regex/Matcher;ILjava/lang/CharSequence;)Z @ 37
Event: 12.757 Thread 0x000000000024f800 Uncommon trap: reason=unstable_if action=reinterpret pc=0x000000000f96c430 method=com.google.inject.internal.InjectorImpl.callInContext(Lcom/google/inject/internal/ContextualCallable;)Ljava/lang/Object; @ 161
Event: 13.747 Thread 0x000000000024f800 Uncommon trap: reason=predicate action=maybe_recompile pc=0x000000000f71fa80 method=sun.misc.Resource.getBytes()[B @ 53

Internal exceptions (10 events):
Event: 7.189 Thread 0x000000000024f800 Exception <a 'java/lang/NullPointerException'> (0x00000000eb689920) thrown at [C:\re\workspace\8-2-build-windows-amd64-cygwin\jdk8u151\9699\hotspot\src\share\vm\interpreter\linkResolver.cpp, line 1183]
Event: 7.190 Thread 0x000000000024f800 Exception <a 'java/lang/NullPointerException'> (0x00000000eb699210) thrown at [C:\re\workspace\8-2-build-windows-amd64-cygwin\jdk8u151\9699\hotspot\src\share\vm\interpreter\linkResolver.cpp, line 1183]
Event: 7.191 Thread 0x000000000024f800 Exception <a 'java/lang/NullPointerException'> (0x00000000eb699428) thrown at [C:\re\workspace\8-2-build-windows-amd64-cygwin\jdk8u151\9699\hotspot\src\share\vm\interpreter\linkResolver.cpp, line 1183]
Event: 7.191 Thread 0x000000000024f800 Exception <a 'java/lang/NullPointerException'> (0x00000000eb699640) thrown at [C:\re\workspace\8-2-build-windows-amd64-cygwin\jdk8u151\9699\hotspot\src\share\vm\interpreter\linkResolver.cpp, line 1183]
Event: 7.731 Thread 0x000000000024f800 Implicit null exception at 0x000000000f377dc5 to 0x000000000f377f99
Event: 7.731 Thread 0x000000000024f800 Implicit null exception at 0x000000000f33416f to 0x000000000f3341d5
Event: 7.840 Thread 0x000000000024f800 Implicit null exception at 0x000000000f5805a7 to 0x000000000f5807f1
Event: 11.810 Thread 0x000000000024f800 Implicit null exception at 0x000000000f793b18 to 0x000000000f794c05
Event: 12.757 Thread 0x000000000024f800 Implicit null exception at 0x000000000f96b10c to 0x000000000f96c41e
Event: 13.682 Thread 0x000000000024f800 Exception <a 'java/lang/ClassNotFoundException': com/sun/tools/javac/api/JavacTool> (0x00000000eb6b67e0) thrown at [C:\re\workspace\8-2-build-windows-amd64-cygwin\jdk8u151\9699\hotspot\src\share\vm\classfile\systemDictionary.cpp, line 210]

Events (10 events):
Event: 14.263 loading class com/sun/tools/javac/code/Type$ClassType$1 done
Event: 14.263 loading class com/sun/tools/javac/util/Filter
Event: 14.263 loading class com/sun/tools/javac/util/Filter done
Event: 14.264 loading class com/sun/tools/javac/code/Scope$Entry
Event: 14.264 loading class com/sun/tools/javac/code/Scope$Entry done
Event: 14.264 loading class com/sun/tools/javac/code/Scope$2
Event: 14.264 loading class com/sun/tools/javac/code/Scope$2 done
Event: 14.266 loading class com/sun/tools/javac/code/Symbol$MethodSymbol$1
Event: 14.266 loading class com/sun/tools/javac/code/Symbol$MethodSymbol$1 done
Event: 14.267 Executing VM operation: CollectForMetadataAllocation


Dynamic libraries:
0x000000013f550000 - 0x000000013f587000 	C:\Program Files\Java\jdk1.8.0_151\bin\java.exe
0x0000000077330000 - 0x00000000774da000 	C:\Windows\SYSTEM32\ntdll.dll
0x0000000077210000 - 0x000000007732f000 	C:\Windows\system32\kernel32.dll
0x000007fefd460000 - 0x000007fefd4ca000 	C:\Windows\system32\KERNELBASE.dll
0x000007feff3a0000 - 0x000007feff47b000 	C:\Windows\system32\ADVAPI32.dll
0x000007feff220000 - 0x000007feff2bf000 	C:\Windows\system32\msvcrt.dll
0x000007fefd8b0000 - 0x000007fefd8cf000 	C:\Windows\SYSTEM32\sechost.dll
0x000007fefd530000 - 0x000007fefd65d000 	C:\Windows\system32\RPCRT4.dll
0x0000000077110000 - 0x000000007720a000 	C:\Windows\system32\USER32.dll
0x000007fefd6d0000 - 0x000007fefd737000 	C:\Windows\system32\GDI32.dll
0x000007fefd6c0000 - 0x000007fefd6ce000 	C:\Windows\system32\LPK.dll
0x000007feff570000 - 0x000007feff63a000 	C:\Windows\system32\USP10.dll
0x000007fefb890000 - 0x000007fefba84000 	C:\Windows\WinSxS\amd64_microsoft.windows.common-controls_6595b64144ccf1df_6.0.7601.18837_none_fa3b1e3d17594757\COMCTL32.dll
0x000007fefef90000 - 0x000007feff001000 	C:\Windows\system32\SHLWAPI.dll
0x000007feff010000 - 0x000007feff03e000 	C:\Windows\system32\IMM32.DLL
0x000007fefede0000 - 0x000007fefeee9000 	C:\Windows\system32\MSCTF.dll
0x000007fefd0a0000 - 0x000007fefd0d1000 	C:\Windows\system32\nvinitx.dll
0x000000000f000000 - 0x000000000f006000 	C:\Program Files\NVIDIA Corporation\CoProcManager\_etoured.dll
0x000007fefc190000 - 0x000007fefc1ef000 	C:\Program Files\NVIDIA Corporation\CoProcManager\nvd3d9wrapx.dll
0x000007feff040000 - 0x000007feff217000 	C:\Windows\system32\SETUPAPI.dll
0x000007fefd290000 - 0x000007fefd2c6000 	C:\Windows\system32\CFGMGR32.dll
0x000007feff2c0000 - 0x000007feff39a000 	C:\Windows\system32\OLEAUT32.dll
0x000007fefdb80000 - 0x000007fefdd83000 	C:\Windows\system32\ole32.dll
0x000007fefd500000 - 0x000007fefd51a000 	C:\Windows\system32\DEVOBJ.dll
0x000007fefc140000 - 0x000007fefc186000 	C:\Program Files\NVIDIA Corporation\CoProcManager\nvdxgiwrapx.dll
0x000000005aa90000 - 0x000000005ab62000 	C:\Program Files\Java\jdk1.8.0_151\jre\bin\msvcr100.dll
0x0000000055990000 - 0x000000005622d000 	C:\Program Files\Java\jdk1.8.0_151\jre\bin\server\jvm.dll
0x000007feee270000 - 0x000007feee279000 	C:\Windows\system32\WSOCK32.dll
0x000007feff480000 - 0x000007feff4cd000 	C:\Windows\system32\WS2_32.dll
0x000007fefe040000 - 0x000007fefe048000 	C:\Windows\system32\NSI.dll
0x000007fefc070000 - 0x000007fefc0ab000 	C:\Windows\system32\WINMM.dll
0x000007fefc200000 - 0x000007fefc20c000 	C:\Windows\system32\VERSION.dll
0x00000000774f0000 - 0x00000000774f7000 	C:\Windows\system32\PSAPI.DLL
0x000000005f7c0000 - 0x000000005f7cf000 	C:\Program Files\Java\jdk1.8.0_151\jre\bin\verify.dll
0x000000005b5a0000 - 0x000000005b5c9000 	C:\Program Files\Java\jdk1.8.0_151\jre\bin\java.dll
0x000000005f7a0000 - 0x000000005f7b6000 	C:\Program Files\Java\jdk1.8.0_151\jre\bin\zip.dll
0x000007fefe050000 - 0x000007fefedda000 	C:\Windows\system32\SHELL32.dll
0x000007fefd180000 - 0x000007fefd18f000 	C:\Windows\system32\profapi.dll
0x000000005b380000 - 0x000000005b39a000 	C:\Program Files\Java\jdk1.8.0_151\jre\bin\net.dll
0x000007fefc910000 - 0x000007fefc965000 	C:\Windows\system32\mswsock.dll
0x000007fefc900000 - 0x000007fefc907000 	C:\Windows\System32\wship6.dll
0x000000005b360000 - 0x000000005b371000 	C:\Program Files\Java\jdk1.8.0_151\jre\bin\nio.dll

VM Arguments:
jvm_args: -Dclassworlds.conf=D:\Maven\bin\m2.conf -Dmaven.home=D:\Maven -Dmaven.multiModuleProjectDirectory=D:\Android projects\app 
java_command: org.codehaus.plexus.classworlds.launcher.Launcher compile
java_class_path (initial): D:\Maven\boot\plexus-classworlds-2.5.2.jar
Launcher Type: SUN_STANDARD

Environment Variables:
JAVA_HOME=C:\Program Files\Java\jdk1.8.0_151
PATH=D:\Python36\Scripts\;D:\Python36\;C:\ProgramData\Oracle\Java\javapath;C:\Windows\system32;C:\Windows;C:\Windows\System32\Wbem;C:\Windows\System32\WindowsPowerShell\v1.0\;C:\Program Files\Java\jdk1.8.0_151\bin;D:\apache-jmeter-2.13_srcbin;D:\Maven\\bin;C:\Program Files\OpenVPN\bin;D:\Maven\bin;%JDK_HOME%;%JRE_HOME%;C:\apache-ant-1.10.1\bin;C:\Program Files (x86)\GtkSharp\2.12\bin;D:\IntellectoKids\Git\Git\cmd;D:\IntellectoKids\TortoiseGit\bin;D:\IntellectoKids\android-sdk\platforms;D:\IntellectoKids\android-sdk\platform-tools;;C:\Users\Lyafa\AppData\Local\Google\Cloud SDK\google-cloud-sdk\bin
USERNAME=Lyafa
OS=Windows_NT
PROCESSOR_IDENTIFIER=Intel64 Family 6 Model 69 Stepping 1, GenuineIntel



---------------  S Y S T E M  ---------------

OS: Windows 7 , 64 bit Build 7601 (6.1.7601.23569)

CPU:total 4 (initial active 4) (2 cores per cpu, 2 threads per core) family 6 model 69 stepping 1, cmov, cx8, fxsr, mmx, sse, sse2, sse3, ssse3, sse4.1, sse4.2, popcnt, avx, avx2, aes, clmul, erms, lzcnt, ht, tsc, tscinvbit, bmi1, bmi2

Memory: 4k page, physical 4095988k(527704k free), swap 5630128k(5160k free)

vm_info: Java HotSpot(TM) 64-Bit Server VM (25.151-b12) for windows-amd64 JRE (1.8.0_151-b12), built on Sep  5 2017 19:33:46 by "java_re" with MS VC++ 10.0 (VS2010)

time: Wed Dec 20 22:42:30 2017
elapsed time: 14 seconds (0d 0h 0m 14s)

