#
# There is insufficient memory for the Java Runtime Environment to continue.
# Native memory allocation (malloc) failed to allocate 262160 bytes for Chunk::new
# Possible reasons:
#   The system is out of physical RAM or swap space
#   In 32 bit mode, the process size limit was hit
# Possible solutions:
#   Reduce memory load on the system
#   Increase physical memory or swap space
#   Check if swap backing store is full
#   Use 64 bit Java on a 64 bit OS
#   Decrease Java heap size (-Xmx/-Xms)
#   Decrease number of Java threads
#   Decrease Java thread stack sizes (-Xss)
#   Set larger code cache with -XX:ReservedCodeCacheSize=
# This output file may be truncated or incomplete.
#
#  Out of Memory Error (allocation.cpp:390), pid=10028, tid=0x0000000000001064
#
# JRE version: Java(TM) SE Runtime Environment (8.0_151-b12) (build 1.8.0_151-b12)
# Java VM: Java HotSpot(TM) 64-Bit Server VM (25.151-b12 mixed mode windows-amd64 compressed oops)
# Failed to write core dump. Minidumps are not enabled by default on client versions of Windows
#

---------------  T H R E A D  ---------------

Current thread (0x0000000007655000):  JavaThread "C2 CompilerThread0" daemon [_thread_in_native, id=4196, stack(0x0000000007410000,0x0000000007510000)]

Stack: [0x0000000007410000,0x0000000007510000]
[error occurred during error reporting (printing stack bounds), id 0xc0000005]

Native frames: (J=compiled Java code, j=interpreted, Vv=VM code, C=native code)


Current CompileTask:
C2:  14459 3064   !   4       java.net.URLClassLoader$1::run (63 bytes)


---------------  P R O C E S S  ---------------

Java Threads: ( => current thread )
  0x00000000076a1800 JavaThread "Service Thread" daemon [_thread_blocked, id=2420, stack(0x0000000007fc0000,0x00000000080c0000)]
  0x0000000007660000 JavaThread "C1 CompilerThread2" daemon [_thread_blocked, id=11448, stack(0x0000000007e00000,0x0000000007f00000)]
  0x000000000765f000 JavaThread "C2 CompilerThread1" daemon [_thread_in_native, id=5708, stack(0x0000000007b50000,0x0000000007c50000)]
=>0x0000000007655000 JavaThread "C2 CompilerThread0" daemon [_thread_in_native, id=4196, stack(0x0000000007410000,0x0000000007510000)]
  0x0000000005ffb800 JavaThread "Attach Listener" daemon [_thread_blocked, id=14752, stack(0x0000000007550000,0x0000000007650000)]
  0x0000000005ffa000 JavaThread "Signal Dispatcher" daemon [_thread_blocked, id=8672, stack(0x0000000006ef0000,0x0000000006ff0000)]
  0x0000000005fd9000 JavaThread "Finalizer" daemon [_thread_blocked, id=11272, stack(0x00000000072b0000,0x00000000073b0000)]
  0x0000000005f92000 JavaThread "Reference Handler" daemon [_thread_blocked, id=16008, stack(0x0000000007100000,0x0000000007200000)]
  0x000000000212f800 JavaThread "main" [_thread_in_vm, id=15752, stack(0x0000000002290000,0x0000000002390000)]

Other Threads:
  0x0000000005f8a800 VMThread [stack: 0x0000000006ff0000,0x00000000070f0000] [id=10540]
  0x00000000076de000 WatcherThread [stack: 0x0000000007ca0000,0x0000000007da0000] [id=15108]

VM state:not at safepoint (normal execution)

VM Mutex/Monitor currently owned by a thread: None

Heap:
 PSYoungGen      total 37888K, used 25404K [0x00000000eb300000, 0x00000000efd00000, 0x0000000100000000)
  eden space 30720K, 65% used [0x00000000eb300000,0x00000000ec6be190,0x00000000ed100000)
  from space 7168K, 72% used [0x00000000ed100000,0x00000000ed610ff0,0x00000000ed800000)
  to   space 7168K, 0% used [0x00000000ef600000,0x00000000ef600000,0x00000000efd00000)
 ParOldGen       total 44032K, used 11458K [0x00000000c1800000, 0x00000000c4300000, 0x00000000eb300000)
  object space 44032K, 26% used [0x00000000c1800000,0x00000000c2330b88,0x00000000c4300000)
 Metaspace       used 19803K, capacity 20186K, committed 20224K, reserved 1067008K
  class space    used 2418K, capacity 2551K, committed 2560K, reserved 1048576K

Card table byte_map: [0x0000000002a20000,0x0000000002c20000] byte_map_base: 0x0000000002414000

Marking Bits: (ParMarkBitMap*) 0x000000005906d850
 Begin Bits: [0x00000000034c0000, 0x0000000004460000)
 End Bits:   [0x0000000004460000, 0x0000000005400000)

Polling page: 0x0000000001ff0000

CodeCache: size=245760Kb used=10130Kb max_used=10640Kb free=235629Kb
 bounds [0x000000000f010000, 0x000000000fa80000, 0x000000001e010000]
 total_blobs=3277 nmethods=2910 adapters=279
 compilation: enabled

Compilation events (10 events):
Event: 14.370 Thread 0x0000000007660000 3071       3       com.sun.tools.javac.util.SharedNameTable::fromChars (187 bytes)
Event: 14.372 Thread 0x0000000007660000 nmethod 3071 0x000000000f11a750 code [0x000000000f11a960, 0x000000000f11b438]
Event: 14.372 Thread 0x0000000007660000 3072       1       com.sun.tools.javac.util.SharedNameTable$NameImpl::getIndex (5 bytes)
Event: 14.372 Thread 0x0000000007660000 nmethod 3072 0x000000000f12b910 code [0x000000000f12ba60, 0x000000000f12bb70]
Event: 14.372 Thread 0x0000000007660000 3070       3       com.sun.tools.javac.util.Name$Table::fromString (14 bytes)
Event: 14.372 Thread 0x0000000007660000 nmethod 3070 0x000000000f2cb750 code [0x000000000f2cb8e0, 0x000000000f2cbcf8]
Event: 14.372 Thread 0x0000000007660000 3073       3       com.sun.tools.javac.util.Context::uncheckedCast (2 bytes)
Event: 14.372 Thread 0x0000000007660000 nmethod 3073 0x000000000f2cb450 code [0x000000000f2cb5a0, 0x000000000f2cb6d0]
Event: 14.392 Thread 0x0000000007660000 3074       3       com.sun.tools.javac.util.Context::get (82 bytes)
Event: 14.393 Thread 0x0000000007660000 nmethod 3074 0x000000000f329590 code [0x000000000f329800, 0x000000000f32a6d8]

GC Heap History (10 events):
Event: 5.651 GC heap before
{Heap before GC invocations=3 (full 0):
 PSYoungGen      total 18944K, used 18942K [0x00000000eb300000, 0x00000000ec800000, 0x0000000100000000)
  eden space 16384K, 100% used [0x00000000eb300000,0x00000000ec300000,0x00000000ec300000)
  from space 2560K, 99% used [0x00000000ec580000,0x00000000ec7ffa10,0x00000000ec800000)
  to   space 2560K, 0% used [0x00000000ec300000,0x00000000ec300000,0x00000000ec580000)
 ParOldGen       total 44032K, used 1640K [0x00000000c1800000, 0x00000000c4300000, 0x00000000eb300000)
  object space 44032K, 3% used [0x00000000c1800000,0x00000000c199a1b0,0x00000000c4300000)
 Metaspace       used 10424K, capacity 10602K, committed 10880K, reserved 1058816K
  class space    used 1305K, capacity 1383K, committed 1408K, reserved 1048576K
Event: 5.659 GC heap after
Heap after GC invocations=3 (full 0):
 PSYoungGen      total 18944K, used 2560K [0x00000000eb300000, 0x00000000ed800000, 0x0000000100000000)
  eden space 16384K, 0% used [0x00000000eb300000,0x00000000eb300000,0x00000000ec300000)
  from space 2560K, 100% used [0x00000000ec300000,0x00000000ec580000,0x00000000ec580000)
  to   space 2560K, 0% used [0x00000000ed580000,0x00000000ed580000,0x00000000ed800000)
 ParOldGen       total 44032K, used 3794K [0x00000000c1800000, 0x00000000c4300000, 0x00000000eb300000)
  object space 44032K, 8% used [0x00000000c1800000,0x00000000c1bb4ae0,0x00000000c4300000)
 Metaspace       used 10424K, capacity 10602K, committed 10880K, reserved 1058816K
  class space    used 1305K, capacity 1383K, committed 1408K, reserved 1048576K
}
Event: 6.358 GC heap before
{Heap before GC invocations=4 (full 0):
 PSYoungGen      total 18944K, used 18944K [0x00000000eb300000, 0x00000000ed800000, 0x0000000100000000)
  eden space 16384K, 100% used [0x00000000eb300000,0x00000000ec300000,0x00000000ec300000)
  from space 2560K, 100% used [0x00000000ec300000,0x00000000ec580000,0x00000000ec580000)
  to   space 2560K, 0% used [0x00000000ed580000,0x00000000ed580000,0x00000000ed800000)
 ParOldGen       total 44032K, used 3794K [0x00000000c1800000, 0x00000000c4300000, 0x00000000eb300000)
  object space 44032K, 8% used [0x00000000c1800000,0x00000000c1bb4ae0,0x00000000c4300000)
 Metaspace       used 12851K, capacity 13036K, committed 13312K, reserved 1060864K
  class space    used 1638K, capacity 1740K, committed 1792K, reserved 1048576K
Event: 6.369 GC heap after
Heap after GC invocations=4 (full 0):
 PSYoungGen      total 35328K, used 2544K [0x00000000eb300000, 0x00000000ed800000, 0x0000000100000000)
  eden space 32768K, 0% used [0x00000000eb300000,0x00000000eb300000,0x00000000ed300000)
  from space 2560K, 99% used [0x00000000ed580000,0x00000000ed7fc030,0x00000000ed800000)
  to   space 2560K, 0% used [0x00000000ed300000,0x00000000ed300000,0x00000000ed580000)
 ParOldGen       total 44032K, used 6639K [0x00000000c1800000, 0x00000000c4300000, 0x00000000eb300000)
  object space 44032K, 15% used [0x00000000c1800000,0x00000000c1e7bd78,0x00000000c4300000)
 Metaspace       used 12851K, capacity 13036K, committed 13312K, reserved 1060864K
  class space    used 1638K, capacity 1740K, committed 1792K, reserved 1048576K
}
Event: 8.641 GC heap before
{Heap before GC invocations=5 (full 0):
 PSYoungGen      total 35328K, used 35312K [0x00000000eb300000, 0x00000000ed800000, 0x0000000100000000)
  eden space 32768K, 100% used [0x00000000eb300000,0x00000000ed300000,0x00000000ed300000)
  from space 2560K, 99% used [0x00000000ed580000,0x00000000ed7fc030,0x00000000ed800000)
  to   space 2560K, 0% used [0x00000000ed300000,0x00000000ed300000,0x00000000ed580000)
 ParOldGen       total 44032K, used 6639K [0x00000000c1800000, 0x00000000c4300000, 0x00000000eb300000)
  object space 44032K, 15% used [0x00000000c1800000,0x00000000c1e7bd78,0x00000000c4300000)
 Metaspace       used 14941K, capacity 15136K, committed 15232K, reserved 1062912K
  class space    used 1830K, capacity 1914K, committed 1920K, reserved 1048576K
Event: 8.656 GC heap after
Heap after GC invocations=5 (full 0):
 PSYoungGen      total 34304K, used 2528K [0x00000000eb300000, 0x00000000ee100000, 0x0000000100000000)
  eden space 31744K, 0% used [0x00000000eb300000,0x00000000eb300000,0x00000000ed200000)
  from space 2560K, 98% used [0x00000000ed300000,0x00000000ed578040,0x00000000ed580000)
  to   space 7680K, 0% used [0x00000000ed980000,0x00000000ed980000,0x00000000ee100000)
 ParOldGen       total 44032K, used 10534K [0x00000000c1800000, 0x00000000c4300000, 0x00000000eb300000)
  object space 44032K, 23% used [0x00000000c1800000,0x00000000c2249b28,0x00000000c4300000)
 Metaspace       used 14941K, capacity 15136K, committed 15232K, reserved 1062912K
  class space    used 1830K, capacity 1914K, committed 1920K, reserved 1048576K
}
Event: 11.074 GC heap before
{Heap before GC invocations=6 (full 0):
 PSYoungGen      total 34304K, used 34272K [0x00000000eb300000, 0x00000000ee100000, 0x0000000100000000)
  eden space 31744K, 100% used [0x00000000eb300000,0x00000000ed200000,0x00000000ed200000)
  from space 2560K, 98% used [0x00000000ed300000,0x00000000ed578040,0x00000000ed580000)
  to   space 7680K, 0% used [0x00000000ed980000,0x00000000ed980000,0x00000000ee100000)
 ParOldGen       total 44032K, used 10534K [0x00000000c1800000, 0x00000000c4300000, 0x00000000eb300000)
  object space 44032K, 23% used [0x00000000c1800000,0x00000000c2249b28,0x00000000c4300000)
 Metaspace       used 15363K, capacity 15576K, committed 15872K, reserved 1062912K
  class space    used 1848K, capacity 1950K, committed 2048K, reserved 1048576K
Event: 11.093 GC heap after
Heap after GC invocations=6 (full 0):
 PSYoungGen      total 36352K, used 4240K [0x00000000eb300000, 0x00000000edf00000, 0x0000000100000000)
  eden space 30720K, 0% used [0x00000000eb300000,0x00000000eb300000,0x00000000ed100000)
  from space 5632K, 75% used [0x00000000ed980000,0x00000000edda4010,0x00000000edf00000)
  to   space 7168K, 0% used [0x00000000ed100000,0x00000000ed100000,0x00000000ed800000)
 ParOldGen       total 44032K, used 10534K [0x00000000c1800000, 0x00000000c4300000, 0x00000000eb300000)
  object space 44032K, 23% used [0x00000000c1800000,0x00000000c2249b28,0x00000000c4300000)
 Metaspace       used 15363K, capacity 15576K, committed 15872K, reserved 1062912K
  class space    used 1848K, capacity 1950K, committed 2048K, reserved 1048576K
}
Event: 12.256 GC heap before
{Heap before GC invocations=7 (full 0):
 PSYoungGen      total 36352K, used 34960K [0x00000000eb300000, 0x00000000edf00000, 0x0000000100000000)
  eden space 30720K, 100% used [0x00000000eb300000,0x00000000ed100000,0x00000000ed100000)
  from space 5632K, 75% used [0x00000000ed980000,0x00000000edda4010,0x00000000edf00000)
  to   space 7168K, 0% used [0x00000000ed100000,0x00000000ed100000,0x00000000ed800000)
 ParOldGen       total 44032K, used 10534K [0x00000000c1800000, 0x00000000c4300000, 0x00000000eb300000)
  object space 44032K, 23% used [0x00000000c1800000,0x00000000c2249b28,0x00000000c4300000)
 Metaspace       used 16060K, capacity 16374K, committed 16640K, reserved 1064960K
  class space    used 1926K, capacity 2023K, committed 2048K, reserved 1048576K
Event: 12.273 GC heap after
Heap after GC invocations=7 (full 0):
 PSYoungGen      total 37888K, used 5187K [0x00000000eb300000, 0x00000000efd00000, 0x0000000100000000)
  eden space 30720K, 0% used [0x00000000eb300000,0x00000000eb300000,0x00000000ed100000)
  from space 7168K, 72% used [0x00000000ed100000,0x00000000ed610ff0,0x00000000ed800000)
  to   space 7168K, 0% used [0x00000000ef600000,0x00000000ef600000,0x00000000efd00000)
 ParOldGen       total 44032K, used 11458K [0x00000000c1800000, 0x00000000c4300000, 0x00000000eb300000)
  object space 44032K, 26% used [0x00000000c1800000,0x00000000c2330b88,0x00000000c4300000)
 Metaspace       used 16060K, capacity 16374K, committed 16640K, reserved 1064960K
  class space    used 1926K, capacity 2023K, committed 2048K, reserved 1048576K
}

Deoptimization events (10 events):
Event: 11.697 Thread 0x000000000212f800 Uncommon trap: reason=class_check action=maybe_recompile pc=0x000000000f52dff8 method=com.google.inject.internal.LinkedBindingImpl.acceptTargetVisitor(Lcom/google/inject/spi/BindingTargetVisitor;)Ljava/lang/Object; @ 2
Event: 11.700 Thread 0x000000000212f800 Uncommon trap: reason=unstable_if action=reinterpret pc=0x000000000f94688c method=java.util.IdentityHashMap.put(Ljava/lang/Object;Ljava/lang/Object;)Ljava/lang/Object; @ 90
Event: 11.702 Thread 0x000000000212f800 Uncommon trap: reason=null_check action=make_not_entrant pc=0x000000000f82da64 method=com.google.inject.internal.InjectorImpl.callInContext(Lcom/google/inject/internal/ContextualCallable;)Ljava/lang/Object; @ 7
Event: 11.772 Thread 0x000000000212f800 Uncommon trap: reason=unstable_if action=reinterpret pc=0x000000000f89e2d8 method=org.apache.maven.model.ConfigurationContainer.clone()Lorg/apache/maven/model/ConfigurationContainer; @ 37
Event: 12.437 Thread 0x000000000212f800 Uncommon trap: reason=unstable_if action=reinterpret pc=0x000000000f96e200 method=org.eclipse.aether.util.graph.transformer.ConflictResolver$State.deriveOptional(Lorg/eclipse/aether/graph/DependencyNode;Ljava/lang/Object;)Z @ 34
Event: 12.457 Thread 0x000000000212f800 Uncommon trap: reason=class_check action=maybe_recompile pc=0x000000000f839948 method=org.eclipse.sisu.wire.EntryListAdapter$ValueIterator.hasNext()Z @ 4
Event: 12.583 Thread 0x000000000212f800 Uncommon trap: reason=bimorphic action=maybe_recompile pc=0x000000000f59cf00 method=java.util.regex.Pattern$CharProperty.match(Ljava/util/regex/Matcher;ILjava/lang/CharSequence;)Z @ 37
Event: 12.587 Thread 0x000000000212f800 Uncommon trap: reason=unstable_if action=reinterpret pc=0x000000000f866e30 method=java.util.concurrent.ConcurrentHashMap.replaceNode(Ljava/lang/Object;Ljava/lang/Object;Ljava/lang/Object;)Ljava/lang/Object; @ 203
Event: 12.595 Thread 0x000000000212f800 Uncommon trap: reason=unstable_if action=reinterpret pc=0x000000000f98dfc4 method=com.google.inject.internal.InjectorImpl.callInContext(Lcom/google/inject/internal/ContextualCallable;)Ljava/lang/Object; @ 161
Event: 13.549 Thread 0x000000000212f800 Uncommon trap: reason=predicate action=maybe_recompile pc=0x000000000f6fdb98 method=sun.misc.Resource.getBytes()[B @ 53

Internal exceptions (10 events):
Event: 6.580 Thread 0x000000000212f800 Exception <a 'java/lang/NullPointerException'> (0x00000000eb6973f0) thrown at [C:\re\workspace\8-2-build-windows-amd64-cygwin\jdk8u151\9699\hotspot\src\share\vm\interpreter\linkResolver.cpp, line 1183]
Event: 6.581 Thread 0x000000000212f800 Exception <a 'java/lang/NullPointerException'> (0x00000000eb6a6c70) thrown at [C:\re\workspace\8-2-build-windows-amd64-cygwin\jdk8u151\9699\hotspot\src\share\vm\interpreter\linkResolver.cpp, line 1183]
Event: 6.581 Thread 0x000000000212f800 Exception <a 'java/lang/NullPointerException'> (0x00000000eb6a6e88) thrown at [C:\re\workspace\8-2-build-windows-amd64-cygwin\jdk8u151\9699\hotspot\src\share\vm\interpreter\linkResolver.cpp, line 1183]
Event: 6.581 Thread 0x000000000212f800 Exception <a 'java/lang/NullPointerException'> (0x00000000eb6a70a0) thrown at [C:\re\workspace\8-2-build-windows-amd64-cygwin\jdk8u151\9699\hotspot\src\share\vm\interpreter\linkResolver.cpp, line 1183]
Event: 7.146 Thread 0x000000000212f800 Implicit null exception at 0x000000000f3ac1c5 to 0x000000000f3ac399
Event: 7.146 Thread 0x000000000212f800 Implicit null exception at 0x000000000f2ca56f to 0x000000000f2ca5d5
Event: 7.323 Thread 0x000000000212f800 Implicit null exception at 0x000000000f5b920d to 0x000000000f5ba391
Event: 11.702 Thread 0x000000000212f800 Implicit null exception at 0x000000000f82c958 to 0x000000000f82da55
Event: 12.595 Thread 0x000000000212f800 Implicit null exception at 0x000000000f98ccc4 to 0x000000000f98dfb5
Event: 13.481 Thread 0x000000000212f800 Exception <a 'java/lang/ClassNotFoundException': com/sun/tools/javac/api/JavacTool> (0x00000000ebbe95d8) thrown at [C:\re\workspace\8-2-build-windows-amd64-cygwin\jdk8u151\9699\hotspot\src\share\vm\classfile\systemDictionary.cpp, line 210]

Events (10 events):
Event: 14.397 loading class com/sun/tools/javac/api/MultiTaskListener
Event: 14.397 loading class com/sun/tools/javac/api/MultiTaskListener done
Event: 14.397 loading class com/sun/tools/javac/file/Locations$Path
Event: 14.397 loading class com/sun/tools/javac/file/Locations$Path done
Event: 14.398 Executing VM operation: Deoptimize
Event: 14.398 Executing VM operation: Deoptimize done
Event: 14.398 loading class com/sun/tools/javac/util/ListBuffer$1
Event: 14.398 loading class com/sun/tools/javac/util/ListBuffer$1 done
Event: 14.400 loading class com/sun/tools/javac/util/StringUtils
Event: 14.400 loading class com/sun/tools/javac/util/StringUtils done


Dynamic libraries:
0x000000013fb90000 - 0x000000013fbc7000 	C:\Program Files\Java\jdk1.8.0_151\bin\java.exe
0x0000000077330000 - 0x00000000774da000 	C:\Windows\SYSTEM32\ntdll.dll
0x0000000077210000 - 0x000000007732f000 	C:\Windows\system32\kernel32.dll
0x000007fefd460000 - 0x000007fefd4ca000 	C:\Windows\system32\KERNELBASE.dll
0x000007feff3a0000 - 0x000007feff47b000 	C:\Windows\system32\ADVAPI32.dll
0x000007feff220000 - 0x000007feff2bf000 	C:\Windows\system32\msvcrt.dll
0x000007fefd8b0000 - 0x000007fefd8cf000 	C:\Windows\SYSTEM32\sechost.dll
0x000007fefd530000 - 0x000007fefd65d000 	C:\Windows\system32\RPCRT4.dll
0x0000000077110000 - 0x000000007720a000 	C:\Windows\system32\USER32.dll
0x000007fefd6d0000 - 0x000007fefd737000 	C:\Windows\system32\GDI32.dll
0x000007fefd6c0000 - 0x000007fefd6ce000 	C:\Windows\system32\LPK.dll
0x000007feff570000 - 0x000007feff63a000 	C:\Windows\system32\USP10.dll
0x000007fefb890000 - 0x000007fefba84000 	C:\Windows\WinSxS\amd64_microsoft.windows.common-controls_6595b64144ccf1df_6.0.7601.18837_none_fa3b1e3d17594757\COMCTL32.dll
0x000007fefef90000 - 0x000007feff001000 	C:\Windows\system32\SHLWAPI.dll
0x000007feff010000 - 0x000007feff03e000 	C:\Windows\system32\IMM32.DLL
0x000007fefede0000 - 0x000007fefeee9000 	C:\Windows\system32\MSCTF.dll
0x000007fefd0a0000 - 0x000007fefd0d1000 	C:\Windows\system32\nvinitx.dll
0x000000000f000000 - 0x000000000f006000 	C:\Program Files\NVIDIA Corporation\CoProcManager\_etoured.dll
0x000007fefc190000 - 0x000007fefc1ef000 	C:\Program Files\NVIDIA Corporation\CoProcManager\nvd3d9wrapx.dll
0x000007feff040000 - 0x000007feff217000 	C:\Windows\system32\SETUPAPI.dll
0x000007fefd290000 - 0x000007fefd2c6000 	C:\Windows\system32\CFGMGR32.dll
0x000007feff2c0000 - 0x000007feff39a000 	C:\Windows\system32\OLEAUT32.dll
0x000007fefdb80000 - 0x000007fefdd83000 	C:\Windows\system32\ole32.dll
0x000007fefd500000 - 0x000007fefd51a000 	C:\Windows\system32\DEVOBJ.dll
0x000007fefc140000 - 0x000007fefc186000 	C:\Program Files\NVIDIA Corporation\CoProcManager\nvdxgiwrapx.dll
0x000000005ab70000 - 0x000000005ac42000 	C:\Program Files\Java\jdk1.8.0_151\jre\bin\msvcr100.dll
0x0000000058850000 - 0x00000000590ed000 	C:\Program Files\Java\jdk1.8.0_151\jre\bin\server\jvm.dll
0x000007feee270000 - 0x000007feee279000 	C:\Windows\system32\WSOCK32.dll
0x000007feff480000 - 0x000007feff4cd000 	C:\Windows\system32\WS2_32.dll
0x000007fefe040000 - 0x000007fefe048000 	C:\Windows\system32\NSI.dll
0x000007fefc070000 - 0x000007fefc0ab000 	C:\Windows\system32\WINMM.dll
0x000007fefc200000 - 0x000007fefc20c000 	C:\Windows\system32\VERSION.dll
0x00000000774f0000 - 0x00000000774f7000 	C:\Windows\system32\PSAPI.DLL
0x000000005f7c0000 - 0x000000005f7cf000 	C:\Program Files\Java\jdk1.8.0_151\jre\bin\verify.dll
0x000000005b5a0000 - 0x000000005b5c9000 	C:\Program Files\Java\jdk1.8.0_151\jre\bin\java.dll
0x000000005f7a0000 - 0x000000005f7b6000 	C:\Program Files\Java\jdk1.8.0_151\jre\bin\zip.dll
0x000007fefe050000 - 0x000007fefedda000 	C:\Windows\system32\SHELL32.dll
0x000007fefd180000 - 0x000007fefd18f000 	C:\Windows\system32\profapi.dll
0x000000005b580000 - 0x000000005b59a000 	C:\Program Files\Java\jdk1.8.0_151\jre\bin\net.dll
0x000007fefc910000 - 0x000007fefc965000 	C:\Windows\system32\mswsock.dll
0x000007fefc900000 - 0x000007fefc907000 	C:\Windows\System32\wship6.dll
0x000000005b3d0000 - 0x000000005b3e1000 	C:\Program Files\Java\jdk1.8.0_151\jre\bin\nio.dll

VM Arguments:
jvm_args: -Dclassworlds.conf=D:\Maven\bin\m2.conf -Dmaven.home=D:\Maven -Dmaven.multiModuleProjectDirectory=D:\Android projects\app 
java_command: org.codehaus.plexus.classworlds.launcher.Launcher test
java_class_path (initial): D:\Maven\boot\plexus-classworlds-2.5.2.jar
Launcher Type: SUN_STANDARD

Environment Variables:
JAVA_HOME=C:\Program Files\Java\jdk1.8.0_151
PATH=D:\Python36\Scripts\;D:\Python36\;C:\ProgramData\Oracle\Java\javapath;C:\Windows\system32;C:\Windows;C:\Windows\System32\Wbem;C:\Windows\System32\WindowsPowerShell\v1.0\;C:\Program Files\Java\jdk1.8.0_151\bin;D:\apache-jmeter-2.13_srcbin;D:\Maven\\bin;C:\Program Files\OpenVPN\bin;D:\Maven\bin;%JDK_HOME%;%JRE_HOME%;C:\apache-ant-1.10.1\bin;C:\Program Files (x86)\GtkSharp\2.12\bin;D:\IntellectoKids\Git\Git\cmd;D:\IntellectoKids\TortoiseGit\bin;D:\IntellectoKids\android-sdk\platforms;D:\IntellectoKids\android-sdk\platform-tools;;C:\Users\Lyafa\AppData\Local\Google\Cloud SDK\google-cloud-sdk\bin
USERNAME=Lyafa
OS=Windows_NT
PROCESSOR_IDENTIFIER=Intel64 Family 6 Model 69 Stepping 1, GenuineIntel



---------------  S Y S T E M  ---------------

OS: Windows 7 , 64 bit Build 7601 (6.1.7601.23569)

CPU:total 4 (initial active 4) (2 cores per cpu, 2 threads per core) family 6 model 69 stepping 1, cmov, cx8, fxsr, mmx, sse, sse2, sse3, ssse3, sse4.1, sse4.2, popcnt, avx, avx2, aes, clmul, erms, lzcnt, ht, tsc, tscinvbit, bmi1, bmi2

Memory: 4k page, physical 4095988k(533516k free), swap 5630128k(5148k free)

vm_info: Java HotSpot(TM) 64-Bit Server VM (25.151-b12) for windows-amd64 JRE (1.8.0_151-b12), built on Sep  5 2017 19:33:46 by "java_re" with MS VC++ 10.0 (VS2010)

time: Wed Dec 20 22:41:56 2017
elapsed time: 14 seconds (0d 0h 0m 14s)

