#
# There is insufficient memory for the Java Runtime Environment to continue.
# Native memory allocation (malloc) failed to allocate 262160 bytes for Chunk::new
# Possible reasons:
#   The system is out of physical RAM or swap space
#   In 32 bit mode, the process size limit was hit
# Possible solutions:
#   Reduce memory load on the system
#   Increase physical memory or swap space
#   Check if swap backing store is full
#   Use 64 bit Java on a 64 bit OS
#   Decrease Java heap size (-Xmx/-Xms)
#   Decrease number of Java threads
#   Decrease Java thread stack sizes (-Xss)
#   Set larger code cache with -XX:ReservedCodeCacheSize=
# This output file may be truncated or incomplete.
#
#  Out of Memory Error (allocation.cpp:390), pid=5312, tid=0x000000000000392c
#
# JRE version: Java(TM) SE Runtime Environment (8.0_151-b12) (build 1.8.0_151-b12)
# Java VM: Java HotSpot(TM) 64-Bit Server VM (25.151-b12 mixed mode windows-amd64 compressed oops)
# Failed to write core dump. Minidumps are not enabled by default on client versions of Windows
#

---------------  T H R E A D  ---------------

Current thread (0x0000000007489000):  JavaThread "C2 CompilerThread0" daemon [_thread_in_native, id=14636, stack(0x0000000007bf0000,0x0000000007cf0000)]

Stack: [0x0000000007bf0000,0x0000000007cf0000]
[error occurred during error reporting (printing stack bounds), id 0xc0000005]

Native frames: (J=compiled Java code, j=interpreted, Vv=VM code, C=native code)


Current CompileTask:
C2:  14292 3146   !   4       java.net.URLClassLoader$1::run (63 bytes)


---------------  P R O C E S S  ---------------

Java Threads: ( => current thread )
  0x00000000074d5000 JavaThread "Service Thread" daemon [_thread_blocked, id=13108, stack(0x0000000008050000,0x0000000008150000)]
  0x000000000748b800 JavaThread "C1 CompilerThread2" daemon [_thread_blocked, id=10736, stack(0x0000000007e30000,0x0000000007f30000)]
  0x000000000748a800 JavaThread "C2 CompilerThread1" daemon [_thread_in_native, id=10308, stack(0x0000000007900000,0x0000000007a00000)]
=>0x0000000007489000 JavaThread "C2 CompilerThread0" daemon [_thread_in_native, id=14636, stack(0x0000000007bf0000,0x0000000007cf0000)]
  0x0000000005f5c000 JavaThread "Attach Listener" daemon [_thread_blocked, id=1084, stack(0x0000000007a70000,0x0000000007b70000)]
  0x0000000005f5a000 JavaThread "Signal Dispatcher" daemon [_thread_blocked, id=16224, stack(0x0000000007380000,0x0000000007480000)]
  0x0000000005f39000 JavaThread "Finalizer" daemon [_thread_blocked, id=4572, stack(0x0000000007240000,0x0000000007340000)]
  0x0000000005ef2000 JavaThread "Reference Handler" daemon [_thread_blocked, id=16092, stack(0x0000000006f90000,0x0000000007090000)]
  0x00000000022cf800 JavaThread "main" [_thread_in_vm, id=13368, stack(0x0000000002330000,0x0000000002430000)]

Other Threads:
  0x0000000005eea800 VMThread [stack: 0x00000000070e0000,0x00000000071e0000] [id=6364]
  0x000000000751f000 WatcherThread [stack: 0x0000000008190000,0x0000000008290000] [id=13952]

VM state:not at safepoint (normal execution)

VM Mutex/Monitor currently owned by a thread: None

Heap:
 PSYoungGen      total 35328K, used 18440K [0x00000000eb300000, 0x00000000f0000000, 0x0000000100000000)
  eden space 32768K, 48% used [0x00000000eb300000,0x00000000ec286308,0x00000000ed300000)
  from space 2560K, 99% used [0x00000000ed300000,0x00000000ed57c010,0x00000000ed580000)
  to   space 6656K, 0% used [0x00000000ef980000,0x00000000ef980000,0x00000000f0000000)
 ParOldGen       total 44032K, used 14420K [0x00000000c1800000, 0x00000000c4300000, 0x00000000eb300000)
  object space 44032K, 32% used [0x00000000c1800000,0x00000000c2615398,0x00000000c4300000)
 Metaspace       used 18826K, capacity 19314K, committed 19328K, reserved 1067008K
  class space    used 2300K, capacity 2431K, committed 2432K, reserved 1048576K

Card table byte_map: [0x0000000002b80000,0x0000000002d80000] byte_map_base: 0x0000000002574000

Marking Bits: (ParMarkBitMap*) 0x000000005906d850
 Begin Bits: [0x0000000003420000, 0x00000000043c0000)
 End Bits:   [0x00000000043c0000, 0x0000000005360000)

Polling page: 0x0000000001ef0000

CodeCache: size=245760Kb used=11145Kb max_used=11145Kb free=234614Kb
 bounds [0x000000000f010000, 0x000000000fb00000, 0x000000001e010000]
 total_blobs=3505 nmethods=3143 adapters=274
 compilation: enabled

Compilation events (10 events):
Event: 14.124 Thread 0x000000000748b800 nmethod 3141 0x000000000faf9450 code [0x000000000faf95a0, 0x000000000faf96b0]
Event: 14.125 Thread 0x000000000748b800 3142       3       com.sun.tools.javac.util.ArrayUtils::ensureCapacity (30 bytes)
Event: 14.125 Thread 0x000000000748b800 nmethod 3142 0x000000000faf9710 code [0x000000000faf98a0, 0x000000000faf9c48]
Event: 14.125 Thread 0x000000000748b800 3143       3       com.sun.tools.javac.util.List::nil (4 bytes)
Event: 14.125 Thread 0x000000000748b800 nmethod 3143 0x000000000faf9dd0 code [0x000000000faf9f20, 0x000000000fafa050]
Event: 14.125 Thread 0x000000000748b800 3144       3       com.sun.tools.javac.code.AnnoConstruct::<init> (5 bytes)
Event: 14.125 Thread 0x000000000748b800 nmethod 3144 0x000000000fafa0d0 code [0x000000000fafa220, 0x000000000fafa3d0]
Event: 14.125 Thread 0x000000000748b800 3145       3       com.sun.tools.javac.util.Assert::check (8 bytes)
Event: 14.126 Thread 0x000000000748b800 nmethod 3145 0x000000000fafa490 code [0x000000000fafa600, 0x000000000fafa888]
Event: 14.244 Thread 0x0000000007489000 3146   !   4       java.net.URLClassLoader$1::run (63 bytes)

GC Heap History (10 events):
Event: 5.576 GC heap before
{Heap before GC invocations=3 (full 0):
 PSYoungGen      total 18944K, used 18930K [0x00000000eb300000, 0x00000000ec800000, 0x0000000100000000)
  eden space 16384K, 100% used [0x00000000eb300000,0x00000000ec300000,0x00000000ec300000)
  from space 2560K, 99% used [0x00000000ec580000,0x00000000ec7fcbf8,0x00000000ec800000)
  to   space 2560K, 0% used [0x00000000ec300000,0x00000000ec300000,0x00000000ec580000)
 ParOldGen       total 44032K, used 1573K [0x00000000c1800000, 0x00000000c4300000, 0x00000000eb300000)
  object space 44032K, 3% used [0x00000000c1800000,0x00000000c1989720,0x00000000c4300000)
 Metaspace       used 10426K, capacity 10602K, committed 10880K, reserved 1058816K
  class space    used 1305K, capacity 1383K, committed 1408K, reserved 1048576K
Event: 5.585 GC heap after
Heap after GC invocations=3 (full 0):
 PSYoungGen      total 18944K, used 2528K [0x00000000eb300000, 0x00000000ed800000, 0x0000000100000000)
  eden space 16384K, 0% used [0x00000000eb300000,0x00000000eb300000,0x00000000ec300000)
  from space 2560K, 98% used [0x00000000ec300000,0x00000000ec578020,0x00000000ec580000)
  to   space 2560K, 0% used [0x00000000ed580000,0x00000000ed580000,0x00000000ed800000)
 ParOldGen       total 44032K, used 3714K [0x00000000c1800000, 0x00000000c4300000, 0x00000000eb300000)
  object space 44032K, 8% used [0x00000000c1800000,0x00000000c1ba0850,0x00000000c4300000)
 Metaspace       used 10426K, capacity 10602K, committed 10880K, reserved 1058816K
  class space    used 1305K, capacity 1383K, committed 1408K, reserved 1048576K
}
Event: 6.284 GC heap before
{Heap before GC invocations=4 (full 0):
 PSYoungGen      total 18944K, used 18912K [0x00000000eb300000, 0x00000000ed800000, 0x0000000100000000)
  eden space 16384K, 100% used [0x00000000eb300000,0x00000000ec300000,0x00000000ec300000)
  from space 2560K, 98% used [0x00000000ec300000,0x00000000ec578020,0x00000000ec580000)
  to   space 2560K, 0% used [0x00000000ed580000,0x00000000ed580000,0x00000000ed800000)
 ParOldGen       total 44032K, used 3714K [0x00000000c1800000, 0x00000000c4300000, 0x00000000eb300000)
  object space 44032K, 8% used [0x00000000c1800000,0x00000000c1ba0850,0x00000000c4300000)
 Metaspace       used 12842K, capacity 13036K, committed 13312K, reserved 1060864K
  class space    used 1638K, capacity 1740K, committed 1792K, reserved 1048576K
Event: 6.298 GC heap after
Heap after GC invocations=4 (full 0):
 PSYoungGen      total 35328K, used 2528K [0x00000000eb300000, 0x00000000ed800000, 0x0000000100000000)
  eden space 32768K, 0% used [0x00000000eb300000,0x00000000eb300000,0x00000000ed300000)
  from space 2560K, 98% used [0x00000000ed580000,0x00000000ed7f8020,0x00000000ed800000)
  to   space 2560K, 0% used [0x00000000ed300000,0x00000000ed300000,0x00000000ed580000)
 ParOldGen       total 44032K, used 6594K [0x00000000c1800000, 0x00000000c4300000, 0x00000000eb300000)
  object space 44032K, 14% used [0x00000000c1800000,0x00000000c1e70bf8,0x00000000c4300000)
 Metaspace       used 12842K, capacity 13036K, committed 13312K, reserved 1060864K
  class space    used 1638K, capacity 1740K, committed 1792K, reserved 1048576K
}
Event: 8.639 GC heap before
{Heap before GC invocations=5 (full 0):
 PSYoungGen      total 35328K, used 35296K [0x00000000eb300000, 0x00000000ed800000, 0x0000000100000000)
  eden space 32768K, 100% used [0x00000000eb300000,0x00000000ed300000,0x00000000ed300000)
  from space 2560K, 98% used [0x00000000ed580000,0x00000000ed7f8020,0x00000000ed800000)
  to   space 2560K, 0% used [0x00000000ed300000,0x00000000ed300000,0x00000000ed580000)
 ParOldGen       total 44032K, used 6594K [0x00000000c1800000, 0x00000000c4300000, 0x00000000eb300000)
  object space 44032K, 14% used [0x00000000c1800000,0x00000000c1e70bf8,0x00000000c4300000)
 Metaspace       used 14919K, capacity 15124K, committed 15232K, reserved 1062912K
  class space    used 1829K, capacity 1912K, committed 1920K, reserved 1048576K
Event: 8.696 GC heap after
Heap after GC invocations=5 (full 0):
 PSYoungGen      total 35328K, used 2544K [0x00000000eb300000, 0x00000000ed800000, 0x0000000100000000)
  eden space 32768K, 0% used [0x00000000eb300000,0x00000000eb300000,0x00000000ed300000)
  from space 2560K, 99% used [0x00000000ed300000,0x00000000ed57c010,0x00000000ed580000)
  to   space 2560K, 0% used [0x00000000ed580000,0x00000000ed580000,0x00000000ed800000)
 ParOldGen       total 44032K, used 10464K [0x00000000c1800000, 0x00000000c4300000, 0x00000000eb300000)
  object space 44032K, 23% used [0x00000000c1800000,0x00000000c2238018,0x00000000c4300000)
 Metaspace       used 14919K, capacity 15124K, committed 15232K, reserved 1062912K
  class space    used 1829K, capacity 1912K, committed 1920K, reserved 1048576K
}
Event: 10.777 GC heap before
{Heap before GC invocations=6 (full 0):
 PSYoungGen      total 35328K, used 35312K [0x00000000eb300000, 0x00000000ed800000, 0x0000000100000000)
  eden space 32768K, 100% used [0x00000000eb300000,0x00000000ed300000,0x00000000ed300000)
  from space 2560K, 99% used [0x00000000ed300000,0x00000000ed57c010,0x00000000ed580000)
  to   space 2560K, 0% used [0x00000000ed580000,0x00000000ed580000,0x00000000ed800000)
 ParOldGen       total 44032K, used 10464K [0x00000000c1800000, 0x00000000c4300000, 0x00000000eb300000)
  object space 44032K, 23% used [0x00000000c1800000,0x00000000c2238018,0x00000000c4300000)
 Metaspace       used 15661K, capacity 15948K, committed 16128K, reserved 1062912K
  class space    used 1898K, capacity 1986K, committed 2048K, reserved 1048576K
Event: 10.791 GC heap after
Heap after GC invocations=6 (full 0):
 PSYoungGen      total 35328K, used 2544K [0x00000000eb300000, 0x00000000ed800000, 0x0000000100000000)
  eden space 32768K, 0% used [0x00000000eb300000,0x00000000eb300000,0x00000000ed300000)
  from space 2560K, 99% used [0x00000000ed580000,0x00000000ed7fc010,0x00000000ed800000)
  to   space 2560K, 0% used [0x00000000ed300000,0x00000000ed300000,0x00000000ed580000)
 ParOldGen       total 44032K, used 12482K [0x00000000c1800000, 0x00000000c4300000, 0x00000000eb300000)
  object space 44032K, 28% used [0x00000000c1800000,0x00000000c2430ba0,0x00000000c4300000)
 Metaspace       used 15661K, capacity 15948K, committed 16128K, reserved 1062912K
  class space    used 1898K, capacity 1986K, committed 2048K, reserved 1048576K
}
Event: 12.362 GC heap before
{Heap before GC invocations=7 (full 0):
 PSYoungGen      total 35328K, used 35312K [0x00000000eb300000, 0x00000000ed800000, 0x0000000100000000)
  eden space 32768K, 100% used [0x00000000eb300000,0x00000000ed300000,0x00000000ed300000)
  from space 2560K, 99% used [0x00000000ed580000,0x00000000ed7fc010,0x00000000ed800000)
  to   space 2560K, 0% used [0x00000000ed300000,0x00000000ed300000,0x00000000ed580000)
 ParOldGen       total 44032K, used 12482K [0x00000000c1800000, 0x00000000c4300000, 0x00000000eb300000)
  object space 44032K, 28% used [0x00000000c1800000,0x00000000c2430ba0,0x00000000c4300000)
 Metaspace       used 16197K, capacity 16590K, committed 16640K, reserved 1064960K
  class space    used 1933K, capacity 2031K, committed 2048K, reserved 1048576K
Event: 12.378 GC heap after
Heap after GC invocations=7 (full 0):
 PSYoungGen      total 35328K, used 2544K [0x00000000eb300000, 0x00000000f0000000, 0x0000000100000000)
  eden space 32768K, 0% used [0x00000000eb300000,0x00000000eb300000,0x00000000ed300000)
  from space 2560K, 99% used [0x00000000ed300000,0x00000000ed57c010,0x00000000ed580000)
  to   space 6656K, 0% used [0x00000000ef980000,0x00000000ef980000,0x00000000f0000000)
 ParOldGen       total 44032K, used 14420K [0x00000000c1800000, 0x00000000c4300000, 0x00000000eb300000)
  object space 44032K, 32% used [0x00000000c1800000,0x00000000c2615398,0x00000000c4300000)
 Metaspace       used 16197K, capacity 16590K, committed 16640K, reserved 1064960K
  class space    used 1933K, capacity 2031K, committed 2048K, reserved 1048576K
}

Deoptimization events (10 events):
Event: 11.734 Thread 0x00000000022cf800 Uncommon trap: reason=class_check action=maybe_recompile pc=0x000000000f84a588 method=org.eclipse.sisu.wire.EntryListAdapter$ValueIterator.hasNext()Z @ 4
Event: 11.823 Thread 0x00000000022cf800 Uncommon trap: reason=bimorphic action=maybe_recompile pc=0x000000000f5d807c method=java.util.regex.Pattern$CharProperty.match(Ljava/util/regex/Matcher;ILjava/lang/CharSequence;)Z @ 37
Event: 11.825 Thread 0x00000000022cf800 Uncommon trap: reason=unstable_if action=reinterpret pc=0x000000000f9bfc8c method=java.util.IdentityHashMap.put(Ljava/lang/Object;Ljava/lang/Object;)Ljava/lang/Object; @ 90
Event: 11.858 Thread 0x00000000022cf800 Uncommon trap: reason=unstable_if action=reinterpret pc=0x000000000f8a7708 method=org.apache.maven.model.ConfigurationContainer.clone()Lorg/apache/maven/model/ConfigurationContainer; @ 37
Event: 12.526 Thread 0x00000000022cf800 Uncommon trap: reason=unstable_if action=reinterpret pc=0x000000000f9f4a3c method=org.eclipse.aether.util.graph.transformer.ConflictResolver$State.deriveOptional(Lorg/eclipse/aether/graph/DependencyNode;Ljava/lang/Object;)Z @ 34
Event: 12.527 Thread 0x00000000022cf800 Uncommon trap: reason=unstable_if action=reinterpret pc=0x000000000f8d7664 method=java.util.IdentityHashMap.closeDeletion(I)V @ 22
Event: 12.545 Thread 0x00000000022cf800 Uncommon trap: reason=class_check action=maybe_recompile pc=0x000000000f84a588 method=org.eclipse.sisu.wire.EntryListAdapter$ValueIterator.hasNext()Z @ 4
Event: 12.704 Thread 0x00000000022cf800 Uncommon trap: reason=bimorphic action=maybe_recompile pc=0x000000000f5d807c method=java.util.regex.Pattern$CharProperty.match(Ljava/util/regex/Matcher;ILjava/lang/CharSequence;)Z @ 37
Event: 12.721 Thread 0x00000000022cf800 Uncommon trap: reason=unstable_if action=reinterpret pc=0x000000000f7d180c method=com.google.inject.internal.InjectorImpl.callInContext(Lcom/google/inject/internal/ContextualCallable;)Ljava/lang/Object; @ 161
Event: 13.705 Thread 0x00000000022cf800 Uncommon trap: reason=predicate action=maybe_recompile pc=0x000000000f73ede0 method=sun.misc.Resource.getBytes()[B @ 53

Internal exceptions (10 events):
Event: 6.502 Thread 0x00000000022cf800 Exception <a 'java/lang/NullPointerException'> (0x00000000eb68e918) thrown at [C:\re\workspace\8-2-build-windows-amd64-cygwin\jdk8u151\9699\hotspot\src\share\vm\interpreter\linkResolver.cpp, line 1183]
Event: 6.502 Thread 0x00000000022cf800 Exception <a 'java/lang/NullPointerException'> (0x00000000eb68eb30) thrown at [C:\re\workspace\8-2-build-windows-amd64-cygwin\jdk8u151\9699\hotspot\src\share\vm\interpreter\linkResolver.cpp, line 1183]
Event: 6.504 Thread 0x00000000022cf800 Exception <a 'java/lang/NullPointerException'> (0x00000000eb69e3b0) thrown at [C:\re\workspace\8-2-build-windows-amd64-cygwin\jdk8u151\9699\hotspot\src\share\vm\interpreter\linkResolver.cpp, line 1183]
Event: 6.504 Thread 0x00000000022cf800 Exception <a 'java/lang/NullPointerException'> (0x00000000eb69e5c8) thrown at [C:\re\workspace\8-2-build-windows-amd64-cygwin\jdk8u151\9699\hotspot\src\share\vm\interpreter\linkResolver.cpp, line 1183]
Event: 6.504 Thread 0x00000000022cf800 Exception <a 'java/lang/NullPointerException'> (0x00000000eb69e7e0) thrown at [C:\re\workspace\8-2-build-windows-amd64-cygwin\jdk8u151\9699\hotspot\src\share\vm\interpreter\linkResolver.cpp, line 1183]
Event: 7.077 Thread 0x00000000022cf800 Implicit null exception at 0x000000000f38d145 to 0x000000000f38d319
Event: 7.077 Thread 0x00000000022cf800 Implicit null exception at 0x000000000f2e1eef to 0x000000000f2e1f55
Event: 7.222 Thread 0x00000000022cf800 Implicit null exception at 0x000000000f5a068d to 0x000000000f5a1809
Event: 12.720 Thread 0x00000000022cf800 Implicit null exception at 0x000000000f7d05db to 0x000000000f7d17ed
Event: 13.638 Thread 0x00000000022cf800 Exception <a 'java/lang/ClassNotFoundException': com/sun/tools/javac/api/JavacTool> (0x00000000ebb61890) thrown at [C:\re\workspace\8-2-build-windows-amd64-cygwin\jdk8u151\9699\hotspot\src\share\vm\classfile\systemDictionary.cpp, line 210]

Events (10 events):
Event: 14.270 loading class com/sun/source/tree/IfTree
Event: 14.270 loading class com/sun/source/tree/IfTree done
Event: 14.271 loading class com/sun/tools/javac/tree/JCTree$JCImport
Event: 14.271 loading class com/sun/tools/javac/tree/JCTree$JCImport done
Event: 14.271 loading class com/sun/source/tree/ImportTree
Event: 14.271 loading class com/sun/source/tree/ImportTree done
Event: 14.271 loading class com/sun/tools/javac/tree/JCTree$JCLiteral
Event: 14.271 loading class com/sun/tools/javac/tree/JCTree$JCLiteral done
Event: 14.271 loading class com/sun/source/tree/LiteralTree
Event: 14.271 loading class com/sun/source/tree/LiteralTree done


Dynamic libraries:
0x000000013f0f0000 - 0x000000013f127000 	C:\Program Files\Java\jdk1.8.0_151\bin\java.exe
0x0000000077330000 - 0x00000000774da000 	C:\Windows\SYSTEM32\ntdll.dll
0x0000000077210000 - 0x000000007732f000 	C:\Windows\system32\kernel32.dll
0x000007fefd460000 - 0x000007fefd4ca000 	C:\Windows\system32\KERNELBASE.dll
0x000007feff3a0000 - 0x000007feff47b000 	C:\Windows\system32\ADVAPI32.dll
0x000007feff220000 - 0x000007feff2bf000 	C:\Windows\system32\msvcrt.dll
0x000007fefd8b0000 - 0x000007fefd8cf000 	C:\Windows\SYSTEM32\sechost.dll
0x000007fefd530000 - 0x000007fefd65d000 	C:\Windows\system32\RPCRT4.dll
0x0000000077110000 - 0x000000007720a000 	C:\Windows\system32\USER32.dll
0x000007fefd6d0000 - 0x000007fefd737000 	C:\Windows\system32\GDI32.dll
0x000007fefd6c0000 - 0x000007fefd6ce000 	C:\Windows\system32\LPK.dll
0x000007feff570000 - 0x000007feff63a000 	C:\Windows\system32\USP10.dll
0x000007fefb890000 - 0x000007fefba84000 	C:\Windows\WinSxS\amd64_microsoft.windows.common-controls_6595b64144ccf1df_6.0.7601.18837_none_fa3b1e3d17594757\COMCTL32.dll
0x000007fefef90000 - 0x000007feff001000 	C:\Windows\system32\SHLWAPI.dll
0x000007feff010000 - 0x000007feff03e000 	C:\Windows\system32\IMM32.DLL
0x000007fefede0000 - 0x000007fefeee9000 	C:\Windows\system32\MSCTF.dll
0x000007fefd0a0000 - 0x000007fefd0d1000 	C:\Windows\system32\nvinitx.dll
0x000000000f000000 - 0x000000000f006000 	C:\Program Files\NVIDIA Corporation\CoProcManager\_etoured.dll
0x000007fefc190000 - 0x000007fefc1ef000 	C:\Program Files\NVIDIA Corporation\CoProcManager\nvd3d9wrapx.dll
0x000007feff040000 - 0x000007feff217000 	C:\Windows\system32\SETUPAPI.dll
0x000007fefd290000 - 0x000007fefd2c6000 	C:\Windows\system32\CFGMGR32.dll
0x000007feff2c0000 - 0x000007feff39a000 	C:\Windows\system32\OLEAUT32.dll
0x000007fefdb80000 - 0x000007fefdd83000 	C:\Windows\system32\ole32.dll
0x000007fefd500000 - 0x000007fefd51a000 	C:\Windows\system32\DEVOBJ.dll
0x000007fefc140000 - 0x000007fefc186000 	C:\Program Files\NVIDIA Corporation\CoProcManager\nvdxgiwrapx.dll
0x000000005ab70000 - 0x000000005ac42000 	C:\Program Files\Java\jdk1.8.0_151\jre\bin\msvcr100.dll
0x0000000058850000 - 0x00000000590ed000 	C:\Program Files\Java\jdk1.8.0_151\jre\bin\server\jvm.dll
0x000007feee270000 - 0x000007feee279000 	C:\Windows\system32\WSOCK32.dll
0x000007feff480000 - 0x000007feff4cd000 	C:\Windows\system32\WS2_32.dll
0x000007fefe040000 - 0x000007fefe048000 	C:\Windows\system32\NSI.dll
0x000007fefc070000 - 0x000007fefc0ab000 	C:\Windows\system32\WINMM.dll
0x000007fefc200000 - 0x000007fefc20c000 	C:\Windows\system32\VERSION.dll
0x00000000774f0000 - 0x00000000774f7000 	C:\Windows\system32\PSAPI.DLL
0x000000005f7c0000 - 0x000000005f7cf000 	C:\Program Files\Java\jdk1.8.0_151\jre\bin\verify.dll
0x000000005b5a0000 - 0x000000005b5c9000 	C:\Program Files\Java\jdk1.8.0_151\jre\bin\java.dll
0x000000005f7a0000 - 0x000000005f7b6000 	C:\Program Files\Java\jdk1.8.0_151\jre\bin\zip.dll
0x000007fefe050000 - 0x000007fefedda000 	C:\Windows\system32\SHELL32.dll
0x000007fefd180000 - 0x000007fefd18f000 	C:\Windows\system32\profapi.dll
0x000000005b580000 - 0x000000005b59a000 	C:\Program Files\Java\jdk1.8.0_151\jre\bin\net.dll
0x000007fefc910000 - 0x000007fefc965000 	C:\Windows\system32\mswsock.dll
0x000007fefc900000 - 0x000007fefc907000 	C:\Windows\System32\wship6.dll
0x000000005b3d0000 - 0x000000005b3e1000 	C:\Program Files\Java\jdk1.8.0_151\jre\bin\nio.dll

VM Arguments:
jvm_args: -Dclassworlds.conf=D:\Maven\bin\m2.conf -Dmaven.home=D:\Maven -Dmaven.multiModuleProjectDirectory=D:\Android projects\app 
java_command: org.codehaus.plexus.classworlds.launcher.Launcher clean test
java_class_path (initial): D:\Maven\boot\plexus-classworlds-2.5.2.jar
Launcher Type: SUN_STANDARD

Environment Variables:
JAVA_HOME=C:\Program Files\Java\jdk1.8.0_151
PATH=D:\Python36\Scripts\;D:\Python36\;C:\ProgramData\Oracle\Java\javapath;C:\Windows\system32;C:\Windows;C:\Windows\System32\Wbem;C:\Windows\System32\WindowsPowerShell\v1.0\;C:\Program Files\Java\jdk1.8.0_151\bin;D:\apache-jmeter-2.13_srcbin;D:\Maven\\bin;C:\Program Files\OpenVPN\bin;D:\Maven\bin;%JDK_HOME%;%JRE_HOME%;C:\apache-ant-1.10.1\bin;C:\Program Files (x86)\GtkSharp\2.12\bin;D:\IntellectoKids\Git\Git\cmd;D:\IntellectoKids\TortoiseGit\bin;D:\IntellectoKids\android-sdk\platforms;D:\IntellectoKids\android-sdk\platform-tools;;C:\Users\Lyafa\AppData\Local\Google\Cloud SDK\google-cloud-sdk\bin
USERNAME=Lyafa
OS=Windows_NT
PROCESSOR_IDENTIFIER=Intel64 Family 6 Model 69 Stepping 1, GenuineIntel



---------------  S Y S T E M  ---------------

OS: Windows 7 , 64 bit Build 7601 (6.1.7601.23569)

CPU:total 4 (initial active 4) (2 cores per cpu, 2 threads per core) family 6 model 69 stepping 1, cmov, cx8, fxsr, mmx, sse, sse2, sse3, ssse3, sse4.1, sse4.2, popcnt, avx, avx2, aes, clmul, erms, lzcnt, ht, tsc, tscinvbit, bmi1, bmi2

Memory: 4k page, physical 4095988k(548476k free), swap 5630128k(5276k free)

vm_info: Java HotSpot(TM) 64-Bit Server VM (25.151-b12) for windows-amd64 JRE (1.8.0_151-b12), built on Sep  5 2017 19:33:46 by "java_re" with MS VC++ 10.0 (VS2010)

time: Wed Dec 20 22:41:30 2017
elapsed time: 14 seconds (0d 0h 0m 14s)

