#
# There is insufficient memory for the Java Runtime Environment to continue.
# Native memory allocation (malloc) failed to allocate 262160 bytes for Chunk::new
# Possible reasons:
#   The system is out of physical RAM or swap space
#   In 32 bit mode, the process size limit was hit
# Possible solutions:
#   Reduce memory load on the system
#   Increase physical memory or swap space
#   Check if swap backing store is full
#   Use 64 bit Java on a 64 bit OS
#   Decrease Java heap size (-Xmx/-Xms)
#   Decrease number of Java threads
#   Decrease Java thread stack sizes (-Xss)
#   Set larger code cache with -XX:ReservedCodeCacheSize=
# This output file may be truncated or incomplete.
#
#  Out of Memory Error (allocation.cpp:390), pid=3192, tid=0x0000000000002da4
#
# JRE version: Java(TM) SE Runtime Environment (8.0_151-b12) (build 1.8.0_151-b12)
# Java VM: Java HotSpot(TM) 64-Bit Server VM (25.151-b12 mixed mode windows-amd64 compressed oops)
# Failed to write core dump. Minidumps are not enabled by default on client versions of Windows
#

---------------  T H R E A D  ---------------

Current thread (0x00000000076a5000):  JavaThread "C2 CompilerThread0" daemon [_thread_in_native, id=11684, stack(0x0000000007ad0000,0x0000000007bd0000)]

Stack: [0x0000000007ad0000,0x0000000007bd0000]
[error occurred during error reporting (printing stack bounds), id 0xc0000005]

Native frames: (J=compiled Java code, j=interpreted, Vv=VM code, C=native code)


Current CompileTask:
C2:  14970 3151   !   4       java.net.URLClassLoader$1::run (63 bytes)


---------------  P R O C E S S  ---------------

Java Threads: ( => current thread )
  0x00000000076fa000 JavaThread "Service Thread" daemon [_thread_blocked, id=15228, stack(0x0000000007d30000,0x0000000007e30000)]
  0x00000000076a8000 JavaThread "C1 CompilerThread2" daemon [_thread_blocked, id=14588, stack(0x0000000007e70000,0x0000000007f70000)]
  0x00000000076a6800 JavaThread "C2 CompilerThread1" daemon [_thread_in_native, id=15808, stack(0x0000000007bd0000,0x0000000007cd0000)]
=>0x00000000076a5000 JavaThread "C2 CompilerThread0" daemon [_thread_in_native, id=11684, stack(0x0000000007ad0000,0x0000000007bd0000)]
  0x000000000601b800 JavaThread "Attach Listener" daemon [_thread_blocked, id=15924, stack(0x00000000072a0000,0x00000000073a0000)]
  0x000000000601a000 JavaThread "Signal Dispatcher" daemon [_thread_blocked, id=16012, stack(0x00000000075a0000,0x00000000076a0000)]
  0x0000000005ff9000 JavaThread "Finalizer" daemon [_thread_blocked, id=14404, stack(0x0000000007050000,0x0000000007150000)]
  0x0000000005fb2000 JavaThread "Reference Handler" daemon [_thread_blocked, id=16480, stack(0x00000000073f0000,0x00000000074f0000)]
  0x000000000217f800 JavaThread "main" [_thread_in_native, id=15024, stack(0x0000000002390000,0x0000000002490000)]

Other Threads:
  0x0000000005faa800 VMThread [stack: 0x0000000007190000,0x0000000007290000] [id=16252]
  0x000000000771b800 WatcherThread [stack: 0x00000000081a0000,0x00000000082a0000] [id=1832]

VM state:not at safepoint (normal execution)

VM Mutex/Monitor currently owned by a thread: None

Heap:
 PSYoungGen      total 71168K, used 25909K [0x00000000eb300000, 0x00000000f0000000, 0x0000000100000000)
  eden space 65024K, 31% used [0x00000000eb300000,0x00000000ec748620,0x00000000ef280000)
  from space 6144K, 83% used [0x00000000ef900000,0x00000000efe04fe0,0x00000000eff00000)
  to   space 6656K, 0% used [0x00000000ef280000,0x00000000ef280000,0x00000000ef900000)
 ParOldGen       total 44032K, used 10911K [0x00000000c1800000, 0x00000000c4300000, 0x00000000eb300000)
  object space 44032K, 24% used [0x00000000c1800000,0x00000000c22a7d68,0x00000000c4300000)
 Metaspace       used 19899K, capacity 20338K, committed 20480K, reserved 1067008K
  class space    used 2422K, capacity 2559K, committed 2560K, reserved 1048576K

Card table byte_map: [0x0000000002c50000,0x0000000002e50000] byte_map_base: 0x0000000002644000

Marking Bits: (ParMarkBitMap*) 0x000000005906d850
 Begin Bits: [0x00000000034e0000, 0x0000000004480000)
 End Bits:   [0x0000000004480000, 0x0000000005420000)

Polling page: 0x0000000000330000

CodeCache: size=245760Kb used=10481Kb max_used=11052Kb free=235278Kb
 bounds [0x000000000f010000, 0x000000000faf0000, 0x000000001e010000]
 total_blobs=3364 nmethods=2997 adapters=279
 compilation: enabled

Compilation events (10 events):
Event: 14.682 Thread 0x00000000076a8000 3157       1       com.sun.tools.javac.util.SharedNameTable$NameImpl::getIndex (5 bytes)
Event: 14.682 Thread 0x00000000076a8000 nmethod 3157 0x000000000f3e4590 code [0x000000000f3e46e0, 0x000000000f3e47f0]
Event: 14.683 Thread 0x00000000076a8000 3158       3       com.sun.tools.javac.util.Context::uncheckedCast (2 bytes)
Event: 14.684 Thread 0x00000000076a8000 nmethod 3158 0x000000000f3e4290 code [0x000000000f3e43e0, 0x000000000f3e4510]
Event: 14.715 Thread 0x00000000076a8000 3159       3       com.sun.tools.javac.util.Context::get (82 bytes)
Event: 14.717 Thread 0x00000000076a8000 nmethod 3159 0x000000000f2b9e10 code [0x000000000f2ba080, 0x000000000f2baf58]
Event: 14.727 Thread 0x00000000076a8000 3160       3       java.io.ByteArrayOutputStream::<init> (7 bytes)
Event: 14.727 Thread 0x00000000076a8000 nmethod 3160 0x000000000f2cbf90 code [0x000000000f2cc100, 0x000000000f2cc288]
Event: 14.727 Thread 0x00000000076a8000 3161       3       java.io.ByteArrayOutputStream::<init> (43 bytes)
Event: 14.728 Thread 0x00000000076a8000 nmethod 3161 0x000000000f1dad50 code [0x000000000f1daf40, 0x000000000f1db898]

GC Heap History (10 events):
Event: 6.927 GC heap before
{Heap before GC invocations=4 (full 0):
 PSYoungGen      total 18944K, used 18944K [0x00000000eb300000, 0x00000000ec800000, 0x0000000100000000)
  eden space 16384K, 100% used [0x00000000eb300000,0x00000000ec300000,0x00000000ec300000)
  from space 2560K, 100% used [0x00000000ec300000,0x00000000ec580000,0x00000000ec580000)
  to   space 2560K, 0% used [0x00000000ec580000,0x00000000ec580000,0x00000000ec800000)
 ParOldGen       total 44032K, used 3719K [0x00000000c1800000, 0x00000000c4300000, 0x00000000eb300000)
  object space 44032K, 8% used [0x00000000c1800000,0x00000000c1ba1e48,0x00000000c4300000)
 Metaspace       used 12844K, capacity 13036K, committed 13312K, reserved 1060864K
  class space    used 1638K, capacity 1740K, committed 1792K, reserved 1048576K
Event: 6.944 GC heap after
Heap after GC invocations=4 (full 0):
 PSYoungGen      total 18944K, used 2544K [0x00000000eb300000, 0x00000000ed800000, 0x0000000100000000)
  eden space 16384K, 0% used [0x00000000eb300000,0x00000000eb300000,0x00000000ec300000)
  from space 2560K, 99% used [0x00000000ec580000,0x00000000ec7fc030,0x00000000ec800000)
  to   space 2560K, 0% used [0x00000000ec300000,0x00000000ec300000,0x00000000ec580000)
 ParOldGen       total 44032K, used 6571K [0x00000000c1800000, 0x00000000c4300000, 0x00000000eb300000)
  object space 44032K, 14% used [0x00000000c1800000,0x00000000c1e6ada0,0x00000000c4300000)
 Metaspace       used 12844K, capacity 13036K, committed 13312K, reserved 1060864K
  class space    used 1638K, capacity 1740K, committed 1792K, reserved 1048576K
}
Event: 8.004 GC heap before
{Heap before GC invocations=5 (full 0):
 PSYoungGen      total 18944K, used 18928K [0x00000000eb300000, 0x00000000ed800000, 0x0000000100000000)
  eden space 16384K, 100% used [0x00000000eb300000,0x00000000ec300000,0x00000000ec300000)
  from space 2560K, 99% used [0x00000000ec580000,0x00000000ec7fc030,0x00000000ec800000)
  to   space 2560K, 0% used [0x00000000ec300000,0x00000000ec300000,0x00000000ec580000)
 ParOldGen       total 44032K, used 6571K [0x00000000c1800000, 0x00000000c4300000, 0x00000000eb300000)
  object space 44032K, 14% used [0x00000000c1800000,0x00000000c1e6ada0,0x00000000c4300000)
 Metaspace       used 14721K, capacity 14920K, committed 15232K, reserved 1062912K
  class space    used 1823K, capacity 1910K, committed 1920K, reserved 1048576K
Event: 8.013 GC heap after
Heap after GC invocations=5 (full 0):
 PSYoungGen      total 18944K, used 2544K [0x00000000eb300000, 0x00000000ee000000, 0x0000000100000000)
  eden space 16384K, 0% used [0x00000000eb300000,0x00000000eb300000,0x00000000ec300000)
  from space 2560K, 99% used [0x00000000ec300000,0x00000000ec57c010,0x00000000ec580000)
  to   space 6656K, 0% used [0x00000000ed980000,0x00000000ed980000,0x00000000ee000000)
 ParOldGen       total 44032K, used 9153K [0x00000000c1800000, 0x00000000c4300000, 0x00000000eb300000)
  object space 44032K, 20% used [0x00000000c1800000,0x00000000c20f04d8,0x00000000c4300000)
 Metaspace       used 14721K, capacity 14920K, committed 15232K, reserved 1062912K
  class space    used 1823K, capacity 1910K, committed 1920K, reserved 1048576K
}
Event: 8.882 GC heap before
{Heap before GC invocations=6 (full 0):
 PSYoungGen      total 18944K, used 18928K [0x00000000eb300000, 0x00000000ee000000, 0x0000000100000000)
  eden space 16384K, 100% used [0x00000000eb300000,0x00000000ec300000,0x00000000ec300000)
  from space 2560K, 99% used [0x00000000ec300000,0x00000000ec57c010,0x00000000ec580000)
  to   space 6656K, 0% used [0x00000000ed980000,0x00000000ed980000,0x00000000ee000000)
 ParOldGen       total 44032K, used 9153K [0x00000000c1800000, 0x00000000c4300000, 0x00000000eb300000)
  object space 44032K, 20% used [0x00000000c1800000,0x00000000c20f04d8,0x00000000c4300000)
 Metaspace       used 14914K, capacity 15124K, committed 15232K, reserved 1062912K
  class space    used 1829K, capacity 1912K, committed 1920K, reserved 1048576K
Event: 8.896 GC heap after
Heap after GC invocations=6 (full 0):
 PSYoungGen      total 38400K, used 4032K [0x00000000eb300000, 0x00000000edf00000, 0x0000000100000000)
  eden space 32768K, 0% used [0x00000000eb300000,0x00000000eb300000,0x00000000ed300000)
  from space 5632K, 71% used [0x00000000ed980000,0x00000000edd70000,0x00000000edf00000)
  to   space 6144K, 0% used [0x00000000ed300000,0x00000000ed300000,0x00000000ed900000)
 ParOldGen       total 44032K, used 9153K [0x00000000c1800000, 0x00000000c4300000, 0x00000000eb300000)
  object space 44032K, 20% used [0x00000000c1800000,0x00000000c20f04d8,0x00000000c4300000)
 Metaspace       used 14914K, capacity 15124K, committed 15232K, reserved 1062912K
  class space    used 1829K, capacity 1912K, committed 1920K, reserved 1048576K
}
Event: 10.953 GC heap before
{Heap before GC invocations=7 (full 0):
 PSYoungGen      total 38400K, used 36800K [0x00000000eb300000, 0x00000000edf00000, 0x0000000100000000)
  eden space 32768K, 100% used [0x00000000eb300000,0x00000000ed300000,0x00000000ed300000)
  from space 5632K, 71% used [0x00000000ed980000,0x00000000edd70000,0x00000000edf00000)
  to   space 6144K, 0% used [0x00000000ed300000,0x00000000ed300000,0x00000000ed900000)
 ParOldGen       total 44032K, used 9153K [0x00000000c1800000, 0x00000000c4300000, 0x00000000eb300000)
  object space 44032K, 20% used [0x00000000c1800000,0x00000000c20f04d8,0x00000000c4300000)
 Metaspace       used 15703K, capacity 16086K, committed 16384K, reserved 1062912K
  class space    used 1904K, capacity 1991K, committed 2048K, reserved 1048576K
Event: 10.969 GC heap after
Heap after GC invocations=7 (full 0):
 PSYoungGen      total 38912K, used 4784K [0x00000000eb300000, 0x00000000eff00000, 0x0000000100000000)
  eden space 32768K, 0% used [0x00000000eb300000,0x00000000eb300000,0x00000000ed300000)
  from space 6144K, 77% used [0x00000000ed300000,0x00000000ed7ac010,0x00000000ed900000)
  to   space 6144K, 0% used [0x00000000ef900000,0x00000000ef900000,0x00000000eff00000)
 ParOldGen       total 44032K, used 9913K [0x00000000c1800000, 0x00000000c4300000, 0x00000000eb300000)
  object space 44032K, 22% used [0x00000000c1800000,0x00000000c21ae528,0x00000000c4300000)
 Metaspace       used 15703K, capacity 16086K, committed 16384K, reserved 1062912K
  class space    used 1904K, capacity 1991K, committed 2048K, reserved 1048576K
}
Event: 12.535 GC heap before
{Heap before GC invocations=8 (full 0):
 PSYoungGen      total 38912K, used 37549K [0x00000000eb300000, 0x00000000eff00000, 0x0000000100000000)
  eden space 32768K, 99% used [0x00000000eb300000,0x00000000ed2ff408,0x00000000ed300000)
  from space 6144K, 77% used [0x00000000ed300000,0x00000000ed7ac010,0x00000000ed900000)
  to   space 6144K, 0% used [0x00000000ef900000,0x00000000ef900000,0x00000000eff00000)
 ParOldGen       total 44032K, used 9913K [0x00000000c1800000, 0x00000000c4300000, 0x00000000eb300000)
  object space 44032K, 22% used [0x00000000c1800000,0x00000000c21ae528,0x00000000c4300000)
 Metaspace       used 16192K, capacity 16590K, committed 16640K, reserved 1064960K
  class space    used 1933K, capacity 2031K, committed 2048K, reserved 1048576K
Event: 12.568 GC heap after
Heap after GC invocations=8 (full 0):
 PSYoungGen      total 71168K, used 5139K [0x00000000eb300000, 0x00000000f0000000, 0x0000000100000000)
  eden space 65024K, 0% used [0x00000000eb300000,0x00000000eb300000,0x00000000ef280000)
  from space 6144K, 83% used [0x00000000ef900000,0x00000000efe04fe0,0x00000000eff00000)
  to   space 6656K, 0% used [0x00000000ef280000,0x00000000ef280000,0x00000000ef900000)
 ParOldGen       total 44032K, used 10911K [0x00000000c1800000, 0x00000000c4300000, 0x00000000eb300000)
  object space 44032K, 24% used [0x00000000c1800000,0x00000000c22a7d68,0x00000000c4300000)
 Metaspace       used 16192K, capacity 16590K, committed 16640K, reserved 1064960K
  class space    used 1933K, capacity 2031K, committed 2048K, reserved 1048576K
}

Deoptimization events (10 events):
Event: 10.818 Thread 0x000000000217f800 Uncommon trap: reason=bimorphic action=maybe_recompile pc=0x000000000f62ca3c method=java.util.regex.Pattern$CharProperty.match(Ljava/util/regex/Matcher;ILjava/lang/CharSequence;)Z @ 37
Event: 11.828 Thread 0x000000000217f800 Uncommon trap: reason=class_check action=maybe_recompile pc=0x000000000f7cef08 method=org.eclipse.sisu.wire.EntryListAdapter$ValueIterator.hasNext()Z @ 4
Event: 11.918 Thread 0x000000000217f800 Uncommon trap: reason=bimorphic action=maybe_recompile pc=0x000000000f62ca3c method=java.util.regex.Pattern$CharProperty.match(Ljava/util/regex/Matcher;ILjava/lang/CharSequence;)Z @ 37
Event: 11.923 Thread 0x000000000217f800 Uncommon trap: reason=unstable_if action=reinterpret pc=0x000000000f950914 method=java.util.concurrent.ConcurrentHashMap.replaceNode(Ljava/lang/Object;Ljava/lang/Object;Ljava/lang/Object;)Ljava/lang/Object; @ 203
Event: 11.978 Thread 0x000000000217f800 Uncommon trap: reason=unstable_if action=reinterpret pc=0x000000000f968b64 method=org.apache.maven.model.ConfigurationContainer.clone()Lorg/apache/maven/model/ConfigurationContainer; @ 37
Event: 12.770 Thread 0x000000000217f800 Uncommon trap: reason=unstable_if action=reinterpret pc=0x000000000f9e8bb4 method=org.eclipse.aether.util.graph.transformer.ConflictResolver$State.deriveOptional(Lorg/eclipse/aether/graph/DependencyNode;Ljava/lang/Object;)Z @ 34
Event: 12.784 Thread 0x000000000217f800 Uncommon trap: reason=class_check action=maybe_recompile pc=0x000000000f7cef08 method=org.eclipse.sisu.wire.EntryListAdapter$ValueIterator.hasNext()Z @ 4
Event: 12.961 Thread 0x000000000217f800 Uncommon trap: reason=bimorphic action=maybe_recompile pc=0x000000000f62ca3c method=java.util.regex.Pattern$CharProperty.match(Ljava/util/regex/Matcher;ILjava/lang/CharSequence;)Z @ 37
Event: 12.969 Thread 0x000000000217f800 Uncommon trap: reason=unstable_if action=reinterpret pc=0x000000000f84ae40 method=com.google.inject.internal.InjectorImpl.callInContext(Lcom/google/inject/internal/ContextualCallable;)Ljava/lang/Object; @ 161
Event: 13.938 Thread 0x000000000217f800 Uncommon trap: reason=predicate action=maybe_recompile pc=0x000000000f7ad7d8 method=sun.misc.Resource.getBytes()[B @ 53

Internal exceptions (10 events):
Event: 7.147 Thread 0x000000000217f800 Exception <a 'java/lang/NullPointerException'> (0x00000000eb68d800) thrown at [C:\re\workspace\8-2-build-windows-amd64-cygwin\jdk8u151\9699\hotspot\src\share\vm\interpreter\linkResolver.cpp, line 1183]
Event: 7.147 Thread 0x000000000217f800 Exception <a 'java/lang/NullPointerException'> (0x00000000eb68da18) thrown at [C:\re\workspace\8-2-build-windows-amd64-cygwin\jdk8u151\9699\hotspot\src\share\vm\interpreter\linkResolver.cpp, line 1183]
Event: 7.148 Thread 0x000000000217f800 Exception <a 'java/lang/NullPointerException'> (0x00000000eb69d298) thrown at [C:\re\workspace\8-2-build-windows-amd64-cygwin\jdk8u151\9699\hotspot\src\share\vm\interpreter\linkResolver.cpp, line 1183]
Event: 7.148 Thread 0x000000000217f800 Exception <a 'java/lang/NullPointerException'> (0x00000000eb69d4b0) thrown at [C:\re\workspace\8-2-build-windows-amd64-cygwin\jdk8u151\9699\hotspot\src\share\vm\interpreter\linkResolver.cpp, line 1183]
Event: 7.148 Thread 0x000000000217f800 Exception <a 'java/lang/NullPointerException'> (0x00000000eb69d6c8) thrown at [C:\re\workspace\8-2-build-windows-amd64-cygwin\jdk8u151\9699\hotspot\src\share\vm\interpreter\linkResolver.cpp, line 1183]
Event: 7.714 Thread 0x000000000217f800 Implicit null exception at 0x000000000f380945 to 0x000000000f380b19
Event: 7.714 Thread 0x000000000217f800 Implicit null exception at 0x000000000f2f626f to 0x000000000f2f62d5
Event: 7.934 Thread 0x000000000217f800 Implicit null exception at 0x000000000f5dbf95 to 0x000000000f5dd159
Event: 12.969 Thread 0x000000000217f800 Implicit null exception at 0x000000000f849c13 to 0x000000000f84ae21
Event: 13.876 Thread 0x000000000217f800 Exception <a 'java/lang/ClassNotFoundException': com/sun/tools/javac/api/JavacTool> (0x00000000ebbcc0e8) thrown at [C:\re\workspace\8-2-build-windows-amd64-cygwin\jdk8u151\9699\hotspot\src\share\vm\classfile\systemDictionary.cpp, line 210]

Events (10 events):
Event: 14.722 loading class com/sun/tools/javac/api/MultiTaskListener
Event: 14.722 loading class com/sun/tools/javac/api/MultiTaskListener done
Event: 14.723 loading class com/sun/tools/javac/file/Locations$Path
Event: 14.723 loading class com/sun/tools/javac/file/Locations$Path done
Event: 14.723 Executing VM operation: Deoptimize
Event: 14.724 Executing VM operation: Deoptimize done
Event: 14.724 loading class com/sun/tools/javac/util/ListBuffer$1
Event: 14.724 loading class com/sun/tools/javac/util/ListBuffer$1 done
Event: 14.726 loading class com/sun/tools/javac/util/StringUtils
Event: 14.726 loading class com/sun/tools/javac/util/StringUtils done


Dynamic libraries:
0x000000013fc30000 - 0x000000013fc67000 	C:\Program Files\Java\jdk1.8.0_151\bin\java.exe
0x0000000077330000 - 0x00000000774da000 	C:\Windows\SYSTEM32\ntdll.dll
0x0000000077210000 - 0x000000007732f000 	C:\Windows\system32\kernel32.dll
0x000007fefd460000 - 0x000007fefd4ca000 	C:\Windows\system32\KERNELBASE.dll
0x000007feff3a0000 - 0x000007feff47b000 	C:\Windows\system32\ADVAPI32.dll
0x000007feff220000 - 0x000007feff2bf000 	C:\Windows\system32\msvcrt.dll
0x000007fefd8b0000 - 0x000007fefd8cf000 	C:\Windows\SYSTEM32\sechost.dll
0x000007fefd530000 - 0x000007fefd65d000 	C:\Windows\system32\RPCRT4.dll
0x0000000077110000 - 0x000000007720a000 	C:\Windows\system32\USER32.dll
0x000007fefd6d0000 - 0x000007fefd737000 	C:\Windows\system32\GDI32.dll
0x000007fefd6c0000 - 0x000007fefd6ce000 	C:\Windows\system32\LPK.dll
0x000007feff570000 - 0x000007feff63a000 	C:\Windows\system32\USP10.dll
0x000007fefb890000 - 0x000007fefba84000 	C:\Windows\WinSxS\amd64_microsoft.windows.common-controls_6595b64144ccf1df_6.0.7601.18837_none_fa3b1e3d17594757\COMCTL32.dll
0x000007fefef90000 - 0x000007feff001000 	C:\Windows\system32\SHLWAPI.dll
0x000007feff010000 - 0x000007feff03e000 	C:\Windows\system32\IMM32.DLL
0x000007fefede0000 - 0x000007fefeee9000 	C:\Windows\system32\MSCTF.dll
0x000007fefd0a0000 - 0x000007fefd0d1000 	C:\Windows\system32\nvinitx.dll
0x000000000f000000 - 0x000000000f006000 	C:\Program Files\NVIDIA Corporation\CoProcManager\_etoured.dll
0x000007fefc190000 - 0x000007fefc1ef000 	C:\Program Files\NVIDIA Corporation\CoProcManager\nvd3d9wrapx.dll
0x000007feff040000 - 0x000007feff217000 	C:\Windows\system32\SETUPAPI.dll
0x000007fefd290000 - 0x000007fefd2c6000 	C:\Windows\system32\CFGMGR32.dll
0x000007feff2c0000 - 0x000007feff39a000 	C:\Windows\system32\OLEAUT32.dll
0x000007fefdb80000 - 0x000007fefdd83000 	C:\Windows\system32\ole32.dll
0x000007fefd500000 - 0x000007fefd51a000 	C:\Windows\system32\DEVOBJ.dll
0x000007fefc140000 - 0x000007fefc186000 	C:\Program Files\NVIDIA Corporation\CoProcManager\nvdxgiwrapx.dll
0x000000005ab70000 - 0x000000005ac42000 	C:\Program Files\Java\jdk1.8.0_151\jre\bin\msvcr100.dll
0x0000000058850000 - 0x00000000590ed000 	C:\Program Files\Java\jdk1.8.0_151\jre\bin\server\jvm.dll
0x000007feee270000 - 0x000007feee279000 	C:\Windows\system32\WSOCK32.dll
0x000007feff480000 - 0x000007feff4cd000 	C:\Windows\system32\WS2_32.dll
0x000007fefe040000 - 0x000007fefe048000 	C:\Windows\system32\NSI.dll
0x000007fefc070000 - 0x000007fefc0ab000 	C:\Windows\system32\WINMM.dll
0x000007fefc200000 - 0x000007fefc20c000 	C:\Windows\system32\VERSION.dll
0x00000000774f0000 - 0x00000000774f7000 	C:\Windows\system32\PSAPI.DLL
0x000000005f7c0000 - 0x000000005f7cf000 	C:\Program Files\Java\jdk1.8.0_151\jre\bin\verify.dll
0x000000005b580000 - 0x000000005b5a9000 	C:\Program Files\Java\jdk1.8.0_151\jre\bin\java.dll
0x000000005b380000 - 0x000000005b396000 	C:\Program Files\Java\jdk1.8.0_151\jre\bin\zip.dll
0x000007fefe050000 - 0x000007fefedda000 	C:\Windows\system32\SHELL32.dll
0x000007fefd180000 - 0x000007fefd18f000 	C:\Windows\system32\profapi.dll
0x000000005b360000 - 0x000000005b37a000 	C:\Program Files\Java\jdk1.8.0_151\jre\bin\net.dll
0x000007fefc910000 - 0x000007fefc965000 	C:\Windows\system32\mswsock.dll
0x000007fefc900000 - 0x000007fefc907000 	C:\Windows\System32\wship6.dll
0x000000005ab50000 - 0x000000005ab61000 	C:\Program Files\Java\jdk1.8.0_151\jre\bin\nio.dll

VM Arguments:
jvm_args: -Dclassworlds.conf=D:\Maven\bin\m2.conf -Dmaven.home=D:\Maven -Dmaven.multiModuleProjectDirectory=D:\Android projects\app 
java_command: org.codehaus.plexus.classworlds.launcher.Launcher clean test
java_class_path (initial): D:\Maven\boot\plexus-classworlds-2.5.2.jar
Launcher Type: SUN_STANDARD

Environment Variables:
JAVA_HOME=C:\Program Files\Java\jdk1.8.0_151
PATH=D:\Python36\Scripts\;D:\Python36\;C:\ProgramData\Oracle\Java\javapath;C:\Windows\system32;C:\Windows;C:\Windows\System32\Wbem;C:\Windows\System32\WindowsPowerShell\v1.0\;C:\Program Files\Java\jdk1.8.0_151\bin;D:\apache-jmeter-2.13_srcbin;D:\Maven\\bin;C:\Program Files\OpenVPN\bin;D:\Maven\bin;%JDK_HOME%;%JRE_HOME%;C:\apache-ant-1.10.1\bin;C:\Program Files (x86)\GtkSharp\2.12\bin;D:\IntellectoKids\Git\Git\cmd;D:\IntellectoKids\TortoiseGit\bin;D:\IntellectoKids\android-sdk\platforms;D:\IntellectoKids\android-sdk\platform-tools;;C:\Users\Lyafa\AppData\Local\Google\Cloud SDK\google-cloud-sdk\bin
USERNAME=Lyafa
OS=Windows_NT
PROCESSOR_IDENTIFIER=Intel64 Family 6 Model 69 Stepping 1, GenuineIntel



---------------  S Y S T E M  ---------------

OS: Windows 7 , 64 bit Build 7601 (6.1.7601.23569)

CPU:total 4 (initial active 4) (2 cores per cpu, 2 threads per core) family 6 model 69 stepping 1, cmov, cx8, fxsr, mmx, sse, sse2, sse3, ssse3, sse4.1, sse4.2, popcnt, avx, avx2, aes, clmul, erms, lzcnt, ht, tsc, tscinvbit, bmi1, bmi2

Memory: 4k page, physical 4095988k(527828k free), swap 5630128k(5156k free)

vm_info: Java HotSpot(TM) 64-Bit Server VM (25.151-b12) for windows-amd64 JRE (1.8.0_151-b12), built on Sep  5 2017 19:33:46 by "java_re" with MS VC++ 10.0 (VS2010)

time: Wed Dec 20 22:40:21 2017
elapsed time: 14 seconds (0d 0h 0m 14s)

