#
# There is insufficient memory for the Java Runtime Environment to continue.
# Native memory allocation (malloc) failed to allocate 1048576 bytes for AllocateHeap
# Possible reasons:
#   The system is out of physical RAM or swap space
#   In 32 bit mode, the process size limit was hit
# Possible solutions:
#   Reduce memory load on the system
#   Increase physical memory or swap space
#   Check if swap backing store is full
#   Use 64 bit Java on a 64 bit OS
#   Decrease Java heap size (-Xmx/-Xms)
#   Decrease number of Java threads
#   Decrease Java thread stack sizes (-Xss)
#   Set larger code cache with -XX:ReservedCodeCacheSize=
# This output file may be truncated or incomplete.
#
#  Out of Memory Error (memory/allocation.inline.hpp:61), pid=6412, tid=0x0000000000001b54
#
# JRE version:  (8.0_151-b12) (build )
# Java VM: Java HotSpot(TM) 64-Bit Server VM (25.151-b12 mixed mode windows-amd64 compressed oops)
# Failed to write core dump. Minidumps are not enabled by default on client versions of Windows
#

---------------  T H R E A D  ---------------

Current thread (0x00000000021df000):  JavaThread "Unknown thread" [_thread_in_vm, id=6996, stack(0x0000000002210000,0x0000000002310000)]

Stack: [0x0000000002210000,0x0000000002310000]
[error occurred during error reporting (printing stack bounds), id 0xc0000005]

Native frames: (J=compiled Java code, j=interpreted, Vv=VM code, C=native code)


---------------  P R O C E S S  ---------------

Java Threads: ( => current thread )

Other Threads:

=>0x00000000021df000 (exited) JavaThread "Unknown thread" [_thread_in_vm, id=6996, stack(0x0000000002210000,0x0000000002310000)]

VM state:not at safepoint (normal execution)

VM Mutex/Monitor currently owned by a thread: None

Heap:
 PSYoungGen      total 18944K, used 327K [0x00000000eb300000, 0x00000000ec800000, 0x0000000100000000)
  eden space 16384K, 2% used [0x00000000eb300000,0x00000000eb351ec8,0x00000000ec300000)
  from space 2560K, 0% used [0x00000000ec580000,0x00000000ec580000,0x00000000ec800000)
  to   space 2560K, 0% used [0x00000000ec300000,0x00000000ec300000,0x00000000ec580000)
 ParOldGen       total 44032K, used 0K [0x00000000c1800000, 0x00000000c4300000, 0x00000000eb300000)
  object space 44032K, 0% used [0x00000000c1800000,0x00000000c1800000,0x00000000c4300000)
 Metaspace       used 770K, capacity 4480K, committed 4480K, reserved 1056768K
  class space    used 75K, capacity 384K, committed 384K, reserved 1048576K

Card table byte_map: [0x0000000002aa0000,0x0000000002ca0000] byte_map_base: 0x0000000002494000

Marking Bits: (ParMarkBitMap*) 0x00000000561ad850
 Begin Bits: [0x00000000032f0000, 0x0000000004290000)
 End Bits:   [0x0000000004290000, 0x0000000005230000)

Polling page: 0x0000000001ef0000

CodeCache: size=245760Kb used=328Kb max_used=328Kb free=245431Kb
 bounds [0x000000000f010000, 0x000000000f280000, 0x000000001e010000]
 total_blobs=58 nmethods=0 adapters=38
 compilation: enabled

Compilation events (0 events):
No events

GC Heap History (0 events):
No events

Deoptimization events (0 events):
No events

Internal exceptions (0 events):
No events

Events (10 events):
Event: 0.059 loading class java/lang/Short
Event: 0.060 loading class java/lang/Short done
Event: 0.060 loading class java/lang/Integer
Event: 0.060 loading class java/lang/Integer done
Event: 0.060 loading class java/lang/Long
Event: 0.060 loading class java/lang/Long done
Event: 0.062 loading class java/lang/NullPointerException
Event: 0.062 loading class java/lang/NullPointerException done
Event: 0.062 loading class java/lang/ArithmeticException
Event: 0.062 loading class java/lang/ArithmeticException done


Dynamic libraries:
0x000000013fb70000 - 0x000000013fba7000 	C:\Program Files\Java\jdk1.8.0_151\jre\bin\java.exe
0x0000000077330000 - 0x00000000774da000 	C:\Windows\SYSTEM32\ntdll.dll
0x0000000077210000 - 0x000000007732f000 	C:\Windows\system32\kernel32.dll
0x000007fefd460000 - 0x000007fefd4ca000 	C:\Windows\system32\KERNELBASE.dll
0x000007feff3a0000 - 0x000007feff47b000 	C:\Windows\system32\ADVAPI32.dll
0x000007feff220000 - 0x000007feff2bf000 	C:\Windows\system32\msvcrt.dll
0x000007fefd8b0000 - 0x000007fefd8cf000 	C:\Windows\SYSTEM32\sechost.dll
0x000007fefd530000 - 0x000007fefd65d000 	C:\Windows\system32\RPCRT4.dll
0x0000000077110000 - 0x000000007720a000 	C:\Windows\system32\USER32.dll
0x000007fefd6d0000 - 0x000007fefd737000 	C:\Windows\system32\GDI32.dll
0x000007fefd6c0000 - 0x000007fefd6ce000 	C:\Windows\system32\LPK.dll
0x000007feff570000 - 0x000007feff63a000 	C:\Windows\system32\USP10.dll
0x000007fefb890000 - 0x000007fefba84000 	C:\Windows\WinSxS\amd64_microsoft.windows.common-controls_6595b64144ccf1df_6.0.7601.18837_none_fa3b1e3d17594757\COMCTL32.dll
0x000007fefef90000 - 0x000007feff001000 	C:\Windows\system32\SHLWAPI.dll
0x000007feff010000 - 0x000007feff03e000 	C:\Windows\system32\IMM32.DLL
0x000007fefede0000 - 0x000007fefeee9000 	C:\Windows\system32\MSCTF.dll
0x000007fefd0a0000 - 0x000007fefd0d1000 	C:\Windows\system32\nvinitx.dll
0x000000000f000000 - 0x000000000f006000 	C:\Program Files\NVIDIA Corporation\CoProcManager\_etoured.dll
0x000007fefc190000 - 0x000007fefc1ef000 	C:\Program Files\NVIDIA Corporation\CoProcManager\nvd3d9wrapx.dll
0x000007feff040000 - 0x000007feff217000 	C:\Windows\system32\SETUPAPI.dll
0x000007fefd290000 - 0x000007fefd2c6000 	C:\Windows\system32\CFGMGR32.dll
0x000007feff2c0000 - 0x000007feff39a000 	C:\Windows\system32\OLEAUT32.dll
0x000007fefdb80000 - 0x000007fefdd83000 	C:\Windows\system32\ole32.dll
0x000007fefd500000 - 0x000007fefd51a000 	C:\Windows\system32\DEVOBJ.dll
0x000007fefc140000 - 0x000007fefc186000 	C:\Program Files\NVIDIA Corporation\CoProcManager\nvdxgiwrapx.dll
0x000000005aca0000 - 0x000000005ad72000 	C:\Program Files\Java\jdk1.8.0_151\jre\bin\msvcr100.dll
0x0000000055990000 - 0x000000005622d000 	C:\Program Files\Java\jdk1.8.0_151\jre\bin\server\jvm.dll
0x000007feee270000 - 0x000007feee279000 	C:\Windows\system32\WSOCK32.dll
0x000007feff480000 - 0x000007feff4cd000 	C:\Windows\system32\WS2_32.dll
0x000007fefe040000 - 0x000007fefe048000 	C:\Windows\system32\NSI.dll
0x000007fefc070000 - 0x000007fefc0ab000 	C:\Windows\system32\WINMM.dll
0x000007fefc200000 - 0x000007fefc20c000 	C:\Windows\system32\VERSION.dll
0x00000000774f0000 - 0x00000000774f7000 	C:\Windows\system32\PSAPI.DLL
0x000000005f7a0000 - 0x000000005f7af000 	C:\Program Files\Java\jdk1.8.0_151\jre\bin\verify.dll
0x000000005b4a0000 - 0x000000005b4c9000 	C:\Program Files\Java\jdk1.8.0_151\jre\bin\java.dll
0x000000005b590000 - 0x000000005b5a6000 	C:\Program Files\Java\jdk1.8.0_151\jre\bin\zip.dll

VM Arguments:
java_command: D:\Android projects\app\target\surefire\surefirebooter5885748217825620397.jar D:\Android projects\app\target\surefire\surefire3384073401992827099tmp D:\Android projects\app\target\surefire\surefire_05928093874457439010tmp
java_class_path (initial): D:\Android projects\app\target\surefire\surefirebooter5885748217825620397.jar
Launcher Type: SUN_STANDARD

Environment Variables:
JAVA_HOME=C:\Program Files\Java\jdk1.8.0_151
PATH=D:\Python36\Scripts\;D:\Python36\;C:\ProgramData\Oracle\Java\javapath;C:\Windows\system32;C:\Windows;C:\Windows\System32\Wbem;C:\Windows\System32\WindowsPowerShell\v1.0\;C:\Program Files\Java\jdk1.8.0_151\bin;D:\apache-jmeter-2.13_srcbin;D:\Maven\\bin;C:\Program Files\OpenVPN\bin;D:\Maven\bin;%JDK_HOME%;%JRE_HOME%;C:\apache-ant-1.10.1\bin;C:\Program Files (x86)\GtkSharp\2.12\bin;D:\IntellectoKids\Git\Git\cmd;D:\IntellectoKids\TortoiseGit\bin;D:\IntellectoKids\android-sdk\platforms;D:\IntellectoKids\android-sdk\platform-tools;;C:\Users\Lyafa\AppData\Local\Google\Cloud SDK\google-cloud-sdk\bin
USERNAME=Lyafa
OS=Windows_NT
PROCESSOR_IDENTIFIER=Intel64 Family 6 Model 69 Stepping 1, GenuineIntel



---------------  S Y S T E M  ---------------

OS: Windows 7 , 64 bit Build 7601 (6.1.7601.23569)

CPU:total 4 (initial active 4) (2 cores per cpu, 2 threads per core) family 6 model 69 stepping 1, cmov, cx8, fxsr, mmx, sse, sse2, sse3, ssse3, sse4.1, sse4.2, popcnt, avx, avx2, aes, clmul, erms, lzcnt, ht, tsc, tscinvbit, bmi1, bmi2

Memory: 4k page, physical 4095988k(524732k free), swap 5630128k(5424k free)

vm_info: Java HotSpot(TM) 64-Bit Server VM (25.151-b12) for windows-amd64 JRE (1.8.0_151-b12), built on Sep  5 2017 19:33:46 by "java_re" with MS VC++ 10.0 (VS2010)

time: Wed Dec 20 22:13:07 2017
elapsed time: 0 seconds (0d 0h 0m 0s)

